running egg_info
creating ../../build/vision_node_pkg/vision_node_pkg.egg-info
writing ../../build/vision_node_pkg/vision_node_pkg.egg-info/PKG-INFO
writing dependency_links to ../../build/vision_node_pkg/vision_node_pkg.egg-info/dependency_links.txt
writing entry points to ../../build/vision_node_pkg/vision_node_pkg.egg-info/entry_points.txt
writing requirements to ../../build/vision_node_pkg/vision_node_pkg.egg-info/requires.txt
writing top-level names to ../../build/vision_node_pkg/vision_node_pkg.egg-info/top_level.txt
writing manifest file '../../build/vision_node_pkg/vision_node_pkg.egg-info/SOURCES.txt'
reading manifest file '../../build/vision_node_pkg/vision_node_pkg.egg-info/SOURCES.txt'
writing manifest file '../../build/vision_node_pkg/vision_node_pkg.egg-info/SOURCES.txt'
running build
running build_py
creating /home/jetson/ros2_ws_px4/build/vision_node_pkg/build
creating /home/jetson/ros2_ws_px4/build/vision_node_pkg/build/lib
creating /home/jetson/ros2_ws_px4/build/vision_node_pkg/build/lib/vision_node_pkg
copying vision_node_pkg/vision1.py -> /home/jetson/ros2_ws_px4/build/vision_node_pkg/build/lib/vision_node_pkg
copying vision_node_pkg/__init__.py -> /home/jetson/ros2_ws_px4/build/vision_node_pkg/build/lib/vision_node_pkg
running install
running install_lib
creating /home/jetson/ros2_ws_px4/install/vision_node_pkg/lib/python3.10/site-packages/vision_node_pkg
copying /home/jetson/ros2_ws_px4/build/vision_node_pkg/build/lib/vision_node_pkg/vision1.py -> /home/jetson/ros2_ws_px4/install/vision_node_pkg/lib/python3.10/site-packages/vision_node_pkg
copying /home/jetson/ros2_ws_px4/build/vision_node_pkg/build/lib/vision_node_pkg/__init__.py -> /home/jetson/ros2_ws_px4/install/vision_node_pkg/lib/python3.10/site-packages/vision_node_pkg
byte-compiling /home/jetson/ros2_ws_px4/install/vision_node_pkg/lib/python3.10/site-packages/vision_node_pkg/vision1.py to vision1.cpython-310.pyc
Sorry: IndentationError: expected an indented block after function definition on line 3 (vision1.py, line 4)
byte-compiling /home/jetson/ros2_ws_px4/install/vision_node_pkg/lib/python3.10/site-packages/vision_node_pkg/__init__.py to __init__.cpython-310.pyc
running install_data
creating /home/jetson/ros2_ws_px4/install/vision_node_pkg/share/ament_index
creating /home/jetson/ros2_ws_px4/install/vision_node_pkg/share/ament_index/resource_index
creating /home/jetson/ros2_ws_px4/install/vision_node_pkg/share/ament_index/resource_index/packages
copying resource/vision_node_pkg -> /home/jetson/ros2_ws_px4/install/vision_node_pkg/share/ament_index/resource_index/packages
copying package.xml -> /home/jetson/ros2_ws_px4/install/vision_node_pkg/share/vision_node_pkg
running install_egg_info
Copying ../../build/vision_node_pkg/vision_node_pkg.egg-info to /home/jetson/ros2_ws_px4/install/vision_node_pkg/lib/python3.10/site-packages/vision_node_pkg-0.0.0-py3.10.egg-info
running install_scripts
writing list of installed files to '/home/jetson/ros2_ws_px4/build/vision_node_pkg/install.log'
