[0.232s] DEBUG:colcon:Command line arguments: ['/usr/bin/colcon', 'build', '--packages-select', 'trajectory_generator_pkg']
[0.232s] DEBUG:colcon:Parsed command line arguments: Namespace(log_base=None, log_level=None, verb_name='build', build_base='build', install_base='install', merge_install=False, symlink_install=False, test_result_base=None, continue_on_error=False, executor='parallel', parallel_workers=4, event_handlers=None, ignore_user_meta=False, metas=['./colcon.meta'], base_paths=['.'], packages_ignore=None, packages_ignore_regex=None, paths=None, packages_up_to=None, packages_up_to_regex=None, packages_above=None, packages_above_and_dependencies=None, packages_above_depth=None, packages_select_by_dep=None, packages_skip_by_dep=None, packages_skip_up_to=None, packages_select_build_failed=False, packages_skip_build_finished=False, packages_select_test_failures=False, packages_skip_test_passed=False, packages_select=['trajectory_generator_pkg'], packages_skip=None, packages_select_regex=None, packages_skip_regex=None, packages_start=None, packages_end=None, allow_overriding=[], cmake_args=None, cmake_target=None, cmake_target_skip_unavailable=False, cmake_clean_cache=False, cmake_clean_first=False, cmake_force_configure=False, ament_cmake_args=None, catkin_cmake_args=None, catkin_skip_building_tests=False, verb_parser=<colcon_defaults.argument_parser.defaults.DefaultArgumentsDecorator object at 0xffff7ff212a0>, verb_extension=<colcon_core.verb.build.BuildVerb object at 0xffff7ff20be0>, main=<bound method BuildVerb.main of <colcon_core.verb.build.BuildVerb object at 0xffff7ff20be0>>)
[0.593s] Level 1:colcon.colcon_core.package_discovery:discover_packages(colcon_meta) check parameters
[0.593s] Level 1:colcon.colcon_core.package_discovery:discover_packages(recursive) check parameters
[0.593s] Level 1:colcon.colcon_core.package_discovery:discover_packages(ignore) check parameters
[0.594s] Level 1:colcon.colcon_core.package_discovery:discover_packages(path) check parameters
[0.594s] Level 1:colcon.colcon_core.package_discovery:discover_packages(colcon_meta) discover
[0.594s] Level 1:colcon.colcon_core.package_discovery:discover_packages(recursive) discover
[0.594s] INFO:colcon.colcon_core.package_discovery:Crawling recursively for packages in '/home/jetson/ros2_ws_px4'
[0.594s] Level 1:colcon.colcon_core.package_identification:_identify(.) by extensions ['ignore', 'ignore_ament_install']
[0.594s] Level 1:colcon.colcon_core.package_identification:_identify(.) by extension 'ignore'
[0.594s] Level 1:colcon.colcon_core.package_identification:_identify(.) by extension 'ignore_ament_install'
[0.595s] Level 1:colcon.colcon_core.package_identification:_identify(.) by extensions ['colcon_pkg']
[0.595s] Level 1:colcon.colcon_core.package_identification:_identify(.) by extension 'colcon_pkg'
[0.595s] Level 1:colcon.colcon_core.package_identification:_identify(.) by extensions ['colcon_meta']
[0.595s] Level 1:colcon.colcon_core.package_identification:_identify(.) by extension 'colcon_meta'
[0.595s] Level 1:colcon.colcon_core.package_identification:_identify(.) by extensions ['ros']
[0.595s] Level 1:colcon.colcon_core.package_identification:_identify(.) by extension 'ros'
[0.618s] Level 1:colcon.colcon_core.package_identification:_identify(.) by extensions ['cmake', 'python']
[0.619s] Level 1:colcon.colcon_core.package_identification:_identify(.) by extension 'cmake'
[0.619s] Level 1:colcon.colcon_core.package_identification:_identify(.) by extension 'python'
[0.619s] Level 1:colcon.colcon_core.package_identification:_identify(.) by extensions ['python_setup_py']
[0.619s] Level 1:colcon.colcon_core.package_identification:_identify(.) by extension 'python_setup_py'
[0.619s] Level 1:colcon.colcon_core.package_identification:_identify(build) by extensions ['ignore', 'ignore_ament_install']
[0.620s] Level 1:colcon.colcon_core.package_identification:_identify(build) by extension 'ignore'
[0.620s] Level 1:colcon.colcon_core.package_identification:_identify(build) ignored
[0.620s] Level 1:colcon.colcon_core.package_identification:_identify(install) by extensions ['ignore', 'ignore_ament_install']
[0.620s] Level 1:colcon.colcon_core.package_identification:_identify(install) by extension 'ignore'
[0.620s] Level 1:colcon.colcon_core.package_identification:_identify(install) ignored
[0.620s] Level 1:colcon.colcon_core.package_identification:_identify(log) by extensions ['ignore', 'ignore_ament_install']
[0.621s] Level 1:colcon.colcon_core.package_identification:_identify(log) by extension 'ignore'
[0.621s] Level 1:colcon.colcon_core.package_identification:_identify(log) ignored
[0.621s] Level 1:colcon.colcon_core.package_identification:_identify(src) by extensions ['ignore', 'ignore_ament_install']
[0.621s] Level 1:colcon.colcon_core.package_identification:_identify(src) by extension 'ignore'
[0.621s] Level 1:colcon.colcon_core.package_identification:_identify(src) by extension 'ignore_ament_install'
[0.621s] Level 1:colcon.colcon_core.package_identification:_identify(src) by extensions ['colcon_pkg']
[0.621s] Level 1:colcon.colcon_core.package_identification:_identify(src) by extension 'colcon_pkg'
[0.622s] Level 1:colcon.colcon_core.package_identification:_identify(src) by extensions ['colcon_meta']
[0.622s] Level 1:colcon.colcon_core.package_identification:_identify(src) by extension 'colcon_meta'
[0.622s] Level 1:colcon.colcon_core.package_identification:_identify(src) by extensions ['ros']
[0.622s] Level 1:colcon.colcon_core.package_identification:_identify(src) by extension 'ros'
[0.622s] Level 1:colcon.colcon_core.package_identification:_identify(src) by extensions ['cmake', 'python']
[0.622s] Level 1:colcon.colcon_core.package_identification:_identify(src) by extension 'cmake'
[0.622s] Level 1:colcon.colcon_core.package_identification:_identify(src) by extension 'python'
[0.622s] Level 1:colcon.colcon_core.package_identification:_identify(src) by extensions ['python_setup_py']
[0.622s] Level 1:colcon.colcon_core.package_identification:_identify(src) by extension 'python_setup_py'
[0.623s] Level 1:colcon.colcon_core.package_identification:_identify(src/fastlio_to_px4) by extensions ['ignore', 'ignore_ament_install']
[0.623s] Level 1:colcon.colcon_core.package_identification:_identify(src/fastlio_to_px4) by extension 'ignore'
[0.623s] Level 1:colcon.colcon_core.package_identification:_identify(src/fastlio_to_px4) by extension 'ignore_ament_install'
[0.623s] Level 1:colcon.colcon_core.package_identification:_identify(src/fastlio_to_px4) by extensions ['colcon_pkg']
[0.623s] Level 1:colcon.colcon_core.package_identification:_identify(src/fastlio_to_px4) by extension 'colcon_pkg'
[0.623s] Level 1:colcon.colcon_core.package_identification:_identify(src/fastlio_to_px4) by extensions ['colcon_meta']
[0.623s] Level 1:colcon.colcon_core.package_identification:_identify(src/fastlio_to_px4) by extension 'colcon_meta'
[0.623s] Level 1:colcon.colcon_core.package_identification:_identify(src/fastlio_to_px4) by extensions ['ros']
[0.623s] Level 1:colcon.colcon_core.package_identification:_identify(src/fastlio_to_px4) by extension 'ros'
[0.628s] DEBUG:colcon.colcon_core.package_identification:Package 'src/fastlio_to_px4' with type 'ros.ament_cmake' and name 'fastlio_to_px4'
[0.629s] Level 1:colcon.colcon_core.package_identification:_identify(src/offboard_core_pkg) by extensions ['ignore', 'ignore_ament_install']
[0.629s] Level 1:colcon.colcon_core.package_identification:_identify(src/offboard_core_pkg) by extension 'ignore'
[0.629s] Level 1:colcon.colcon_core.package_identification:_identify(src/offboard_core_pkg) by extension 'ignore_ament_install'
[0.629s] Level 1:colcon.colcon_core.package_identification:_identify(src/offboard_core_pkg) by extensions ['colcon_pkg']
[0.629s] Level 1:colcon.colcon_core.package_identification:_identify(src/offboard_core_pkg) by extension 'colcon_pkg'
[0.629s] Level 1:colcon.colcon_core.package_identification:_identify(src/offboard_core_pkg) by extensions ['colcon_meta']
[0.629s] Level 1:colcon.colcon_core.package_identification:_identify(src/offboard_core_pkg) by extension 'colcon_meta'
[0.630s] Level 1:colcon.colcon_core.package_identification:_identify(src/offboard_core_pkg) by extensions ['ros']
[0.630s] Level 1:colcon.colcon_core.package_identification:_identify(src/offboard_core_pkg) by extension 'ros'
[0.631s] DEBUG:colcon.colcon_core.package_identification:Package 'src/offboard_core_pkg' with type 'ros.ament_cmake' and name 'offboard_core_pkg'
[0.632s] Level 1:colcon.colcon_core.package_identification:_identify(src/offboard_pkg) by extensions ['ignore', 'ignore_ament_install']
[0.632s] Level 1:colcon.colcon_core.package_identification:_identify(src/offboard_pkg) by extension 'ignore'
[0.632s] Level 1:colcon.colcon_core.package_identification:_identify(src/offboard_pkg) by extension 'ignore_ament_install'
[0.632s] Level 1:colcon.colcon_core.package_identification:_identify(src/offboard_pkg) by extensions ['colcon_pkg']
[0.632s] Level 1:colcon.colcon_core.package_identification:_identify(src/offboard_pkg) by extension 'colcon_pkg'
[0.632s] Level 1:colcon.colcon_core.package_identification:_identify(src/offboard_pkg) by extensions ['colcon_meta']
[0.632s] Level 1:colcon.colcon_core.package_identification:_identify(src/offboard_pkg) by extension 'colcon_meta'
[0.632s] Level 1:colcon.colcon_core.package_identification:_identify(src/offboard_pkg) by extensions ['ros']
[0.633s] Level 1:colcon.colcon_core.package_identification:_identify(src/offboard_pkg) by extension 'ros'
[0.634s] DEBUG:colcon.colcon_core.package_identification:Package 'src/offboard_pkg' with type 'ros.ament_cmake' and name 'offboard_pkg'
[0.634s] Level 1:colcon.colcon_core.package_identification:_identify(src/px4_msgs) by extensions ['ignore', 'ignore_ament_install']
[0.634s] Level 1:colcon.colcon_core.package_identification:_identify(src/px4_msgs) by extension 'ignore'
[0.634s] Level 1:colcon.colcon_core.package_identification:_identify(src/px4_msgs) by extension 'ignore_ament_install'
[0.634s] Level 1:colcon.colcon_core.package_identification:_identify(src/px4_msgs) by extensions ['colcon_pkg']
[0.635s] Level 1:colcon.colcon_core.package_identification:_identify(src/px4_msgs) by extension 'colcon_pkg'
[0.635s] Level 1:colcon.colcon_core.package_identification:_identify(src/px4_msgs) by extensions ['colcon_meta']
[0.635s] Level 1:colcon.colcon_core.package_identification:_identify(src/px4_msgs) by extension 'colcon_meta'
[0.635s] Level 1:colcon.colcon_core.package_identification:_identify(src/px4_msgs) by extensions ['ros']
[0.635s] Level 1:colcon.colcon_core.package_identification:_identify(src/px4_msgs) by extension 'ros'
[0.636s] DEBUG:colcon.colcon_core.package_identification:Package 'src/px4_msgs' with type 'ros.ament_cmake' and name 'px4_msgs'
[0.636s] Level 1:colcon.colcon_core.package_identification:_identify(src/px4_ros_com) by extensions ['ignore', 'ignore_ament_install']
[0.637s] Level 1:colcon.colcon_core.package_identification:_identify(src/px4_ros_com) by extension 'ignore'
[0.637s] Level 1:colcon.colcon_core.package_identification:_identify(src/px4_ros_com) by extension 'ignore_ament_install'
[0.637s] Level 1:colcon.colcon_core.package_identification:_identify(src/px4_ros_com) by extensions ['colcon_pkg']
[0.637s] Level 1:colcon.colcon_core.package_identification:_identify(src/px4_ros_com) by extension 'colcon_pkg'
[0.637s] Level 1:colcon.colcon_core.package_identification:_identify(src/px4_ros_com) by extensions ['colcon_meta']
[0.637s] Level 1:colcon.colcon_core.package_identification:_identify(src/px4_ros_com) by extension 'colcon_meta'
[0.637s] Level 1:colcon.colcon_core.package_identification:_identify(src/px4_ros_com) by extensions ['ros']
[0.637s] Level 1:colcon.colcon_core.package_identification:_identify(src/px4_ros_com) by extension 'ros'
[0.640s] DEBUG:colcon.colcon_core.package_identification:Package 'src/px4_ros_com' with type 'ros.ament_cmake' and name 'px4_ros_com'
[0.640s] Level 1:colcon.colcon_core.package_identification:_identify(src/trajectory_generator_pkg) by extensions ['ignore', 'ignore_ament_install']
[0.640s] Level 1:colcon.colcon_core.package_identification:_identify(src/trajectory_generator_pkg) by extension 'ignore'
[0.640s] Level 1:colcon.colcon_core.package_identification:_identify(src/trajectory_generator_pkg) by extension 'ignore_ament_install'
[0.640s] Level 1:colcon.colcon_core.package_identification:_identify(src/trajectory_generator_pkg) by extensions ['colcon_pkg']
[0.640s] Level 1:colcon.colcon_core.package_identification:_identify(src/trajectory_generator_pkg) by extension 'colcon_pkg'
[0.641s] Level 1:colcon.colcon_core.package_identification:_identify(src/trajectory_generator_pkg) by extensions ['colcon_meta']
[0.641s] Level 1:colcon.colcon_core.package_identification:_identify(src/trajectory_generator_pkg) by extension 'colcon_meta'
[0.641s] Level 1:colcon.colcon_core.package_identification:_identify(src/trajectory_generator_pkg) by extensions ['ros']
[0.641s] Level 1:colcon.colcon_core.package_identification:_identify(src/trajectory_generator_pkg) by extension 'ros'
[0.642s] DEBUG:colcon.colcon_core.package_identification:Package 'src/trajectory_generator_pkg' with type 'ros.catkin' and name 'trajectory_generator_pkg'
[0.642s] Level 1:colcon.colcon_core.package_identification:_identify(src/vision_node_pkg) by extensions ['ignore', 'ignore_ament_install']
[0.642s] Level 1:colcon.colcon_core.package_identification:_identify(src/vision_node_pkg) by extension 'ignore'
[0.643s] Level 1:colcon.colcon_core.package_identification:_identify(src/vision_node_pkg) by extension 'ignore_ament_install'
[0.643s] Level 1:colcon.colcon_core.package_identification:_identify(src/vision_node_pkg) by extensions ['colcon_pkg']
[0.643s] Level 1:colcon.colcon_core.package_identification:_identify(src/vision_node_pkg) by extension 'colcon_pkg'
[0.643s] Level 1:colcon.colcon_core.package_identification:_identify(src/vision_node_pkg) by extensions ['colcon_meta']
[0.643s] Level 1:colcon.colcon_core.package_identification:_identify(src/vision_node_pkg) by extension 'colcon_meta'
[0.643s] Level 1:colcon.colcon_core.package_identification:_identify(src/vision_node_pkg) by extensions ['ros']
[0.643s] Level 1:colcon.colcon_core.package_identification:_identify(src/vision_node_pkg) by extension 'ros'
[0.645s] DEBUG:colcon.colcon_core.package_identification:Package 'src/vision_node_pkg' with type 'ros.ament_python' and name 'vision_node_pkg'
[0.645s] Level 1:colcon.colcon_core.package_discovery:discover_packages(recursive) using defaults
[0.645s] Level 1:colcon.colcon_core.package_discovery:discover_packages(ignore) discover
[0.645s] Level 1:colcon.colcon_core.package_discovery:discover_packages(ignore) using defaults
[0.645s] Level 1:colcon.colcon_core.package_discovery:discover_packages(path) discover
[0.645s] Level 1:colcon.colcon_core.package_discovery:discover_packages(path) using defaults
[0.711s] INFO:colcon.colcon_core.package_selection:Skipping not selected package 'px4_msgs' in 'src/px4_msgs'
[0.711s] INFO:colcon.colcon_core.package_selection:Skipping not selected package 'vision_node_pkg' in 'src/vision_node_pkg'
[0.711s] INFO:colcon.colcon_core.package_selection:Skipping not selected package 'fastlio_to_px4' in 'src/fastlio_to_px4'
[0.712s] INFO:colcon.colcon_core.package_selection:Skipping not selected package 'offboard_core_pkg' in 'src/offboard_core_pkg'
[0.712s] INFO:colcon.colcon_core.package_selection:Skipping not selected package 'offboard_pkg' in 'src/offboard_pkg'
[0.712s] INFO:colcon.colcon_core.package_selection:Skipping not selected package 'px4_ros_com' in 'src/px4_ros_com'
[0.712s] Level 1:colcon.colcon_core.package_discovery:discover_packages(prefix_path) check parameters
[0.713s] Level 1:colcon.colcon_core.package_discovery:discover_packages(prefix_path) discover
[0.718s] DEBUG:colcon.colcon_installed_package_information.package_discovery:Found 8 installed packages in /home/jetson/fastlio2_ws/install
[0.719s] DEBUG:colcon.colcon_installed_package_information.package_discovery:Found 5 installed packages in /home/jetson/ros2_ws_px4/install
[0.722s] DEBUG:colcon.colcon_installed_package_information.package_discovery:Found 274 installed packages in /opt/ros/humble
[0.724s] Level 1:colcon.colcon_core.package_discovery:discover_packages(prefix_path) using defaults
[0.806s] Level 5:colcon.colcon_core.verb:set package 'trajectory_generator_pkg' build argument 'cmake_args' from command line to 'None'
[0.807s] Level 5:colcon.colcon_core.verb:set package 'trajectory_generator_pkg' build argument 'cmake_target' from command line to 'None'
[0.807s] Level 5:colcon.colcon_core.verb:set package 'trajectory_generator_pkg' build argument 'cmake_target_skip_unavailable' from command line to 'False'
[0.807s] Level 5:colcon.colcon_core.verb:set package 'trajectory_generator_pkg' build argument 'cmake_clean_cache' from command line to 'False'
[0.807s] Level 5:colcon.colcon_core.verb:set package 'trajectory_generator_pkg' build argument 'cmake_clean_first' from command line to 'False'
[0.807s] Level 5:colcon.colcon_core.verb:set package 'trajectory_generator_pkg' build argument 'cmake_force_configure' from command line to 'False'
[0.807s] Level 5:colcon.colcon_core.verb:set package 'trajectory_generator_pkg' build argument 'ament_cmake_args' from command line to 'None'
[0.807s] Level 5:colcon.colcon_core.verb:set package 'trajectory_generator_pkg' build argument 'catkin_cmake_args' from command line to 'None'
[0.807s] Level 5:colcon.colcon_core.verb:set package 'trajectory_generator_pkg' build argument 'catkin_skip_building_tests' from command line to 'False'
[0.807s] DEBUG:colcon.colcon_core.verb:Building package 'trajectory_generator_pkg' with the following arguments: {'ament_cmake_args': None, 'build_base': '/home/jetson/ros2_ws_px4/build/trajectory_generator_pkg', 'catkin_cmake_args': None, 'catkin_skip_building_tests': False, 'cmake_args': None, 'cmake_clean_cache': False, 'cmake_clean_first': False, 'cmake_force_configure': False, 'cmake_target': None, 'cmake_target_skip_unavailable': False, 'install_base': '/home/jetson/ros2_ws_px4/install/trajectory_generator_pkg', 'merge_install': False, 'path': '/home/jetson/ros2_ws_px4/src/trajectory_generator_pkg', 'symlink_install': False, 'test_result_base': None}
[0.807s] INFO:colcon.colcon_core.executor:Executing jobs using 'parallel' executor
[0.810s] DEBUG:colcon.colcon_parallel_executor.executor.parallel:run_until_complete
[0.810s] INFO:colcon.colcon_ros.task.catkin.build:Building ROS package in '/home/jetson/ros2_ws_px4/src/trajectory_generator_pkg' with build type 'catkin'
[0.810s] INFO:colcon.colcon_cmake.task.cmake.build:Building CMake package in '/home/jetson/ros2_ws_px4/src/trajectory_generator_pkg'
[0.815s] INFO:colcon.colcon_core.plugin_system:Skipping extension 'colcon_core.shell.bat': Not used on non-Windows systems
[0.815s] INFO:colcon.colcon_core.shell:Skip shell extension 'powershell' for command environment: Not usable outside of PowerShell
[0.815s] DEBUG:colcon.colcon_core.shell:Skip shell extension 'dsv' for command environment
[0.834s] DEBUG:colcon.colcon_core.event_handler.log_command:Invoking command in '/home/jetson/ros2_ws_px4/build/trajectory_generator_pkg': CMAKE_PREFIX_PATH=/home/jetson/ros2_ws_px4/install/px4_msgs:/home/jetson/fastlio2_ws/install/pgo:/home/jetson/fastlio2_ws/install/localizer:/home/jetson/fastlio2_ws/install/fastlio2:/home/jetson/fastlio2_ws/install/livox_ros_driver2:/home/jetson/fastlio2_ws/install/hba:/home/jetson/fastlio2_ws/install/interface:/home/jetson/fastlio2_ws/install/fastlio_to_px4:/home/jetson/ros2_ws_px4/install/px4_ros_com:/home/jetson/ros2_ws_px4/install/offboard_pkg:/home/jetson/ros2_ws_px4/install/offboard_core_pkg:/home/jetson/ros2_ws_px4/install/fastlio_to_px4 LD_LIBRARY_PATH=/home/jetson/ros2_ws_px4/install/px4_msgs/lib:/usr/local/cuda-12.6/lib64:/home/jetson/fastlio2_ws/install/livox_ros_driver2/lib:/home/jetson/fastlio2_ws/install/interface/lib:/home/jetson/ros2_ws_px4/install/px4_ros_com/lib:/home/jetson/ros2_ws_px4/install/offboard_core_pkg/lib:/opt/ros/humble/opt/rviz_ogre_vendor/lib:/opt/ros/humble/lib/aarch64-linux-gnu:/opt/ros/humble/lib:/usr/local/cuda-12.6/lib64 /usr/bin/cmake /home/jetson/ros2_ws_px4/src/trajectory_generator_pkg -DCATKIN_INSTALL_INTO_PREFIX_ROOT=0 -DCMAKE_INSTALL_PREFIX=/home/jetson/ros2_ws_px4/install/trajectory_generator_pkg
[3.285s] DEBUG:colcon.colcon_core.event_handler.log_command:Invoked command in '/home/jetson/ros2_ws_px4/build/trajectory_generator_pkg' returned '0': CMAKE_PREFIX_PATH=/home/jetson/ros2_ws_px4/install/px4_msgs:/home/jetson/fastlio2_ws/install/pgo:/home/jetson/fastlio2_ws/install/localizer:/home/jetson/fastlio2_ws/install/fastlio2:/home/jetson/fastlio2_ws/install/livox_ros_driver2:/home/jetson/fastlio2_ws/install/hba:/home/jetson/fastlio2_ws/install/interface:/home/jetson/fastlio2_ws/install/fastlio_to_px4:/home/jetson/ros2_ws_px4/install/px4_ros_com:/home/jetson/ros2_ws_px4/install/offboard_pkg:/home/jetson/ros2_ws_px4/install/offboard_core_pkg:/home/jetson/ros2_ws_px4/install/fastlio_to_px4 LD_LIBRARY_PATH=/home/jetson/ros2_ws_px4/install/px4_msgs/lib:/usr/local/cuda-12.6/lib64:/home/jetson/fastlio2_ws/install/livox_ros_driver2/lib:/home/jetson/fastlio2_ws/install/interface/lib:/home/jetson/ros2_ws_px4/install/px4_ros_com/lib:/home/jetson/ros2_ws_px4/install/offboard_core_pkg/lib:/opt/ros/humble/opt/rviz_ogre_vendor/lib:/opt/ros/humble/lib/aarch64-linux-gnu:/opt/ros/humble/lib:/usr/local/cuda-12.6/lib64 /usr/bin/cmake /home/jetson/ros2_ws_px4/src/trajectory_generator_pkg -DCATKIN_INSTALL_INTO_PREFIX_ROOT=0 -DCMAKE_INSTALL_PREFIX=/home/jetson/ros2_ws_px4/install/trajectory_generator_pkg
[3.290s] DEBUG:colcon.colcon_core.event_handler.log_command:Invoking command in '/home/jetson/ros2_ws_px4/build/trajectory_generator_pkg': CMAKE_PREFIX_PATH=/home/jetson/ros2_ws_px4/install/px4_msgs:/home/jetson/fastlio2_ws/install/pgo:/home/jetson/fastlio2_ws/install/localizer:/home/jetson/fastlio2_ws/install/fastlio2:/home/jetson/fastlio2_ws/install/livox_ros_driver2:/home/jetson/fastlio2_ws/install/hba:/home/jetson/fastlio2_ws/install/interface:/home/jetson/fastlio2_ws/install/fastlio_to_px4:/home/jetson/ros2_ws_px4/install/px4_ros_com:/home/jetson/ros2_ws_px4/install/offboard_pkg:/home/jetson/ros2_ws_px4/install/offboard_core_pkg:/home/jetson/ros2_ws_px4/install/fastlio_to_px4 LD_LIBRARY_PATH=/home/jetson/ros2_ws_px4/install/px4_msgs/lib:/usr/local/cuda-12.6/lib64:/home/jetson/fastlio2_ws/install/livox_ros_driver2/lib:/home/jetson/fastlio2_ws/install/interface/lib:/home/jetson/ros2_ws_px4/install/px4_ros_com/lib:/home/jetson/ros2_ws_px4/install/offboard_core_pkg/lib:/opt/ros/humble/opt/rviz_ogre_vendor/lib:/opt/ros/humble/lib/aarch64-linux-gnu:/opt/ros/humble/lib:/usr/local/cuda-12.6/lib64 /usr/bin/cmake --build /home/jetson/ros2_ws_px4/build/trajectory_generator_pkg -- -j4 -l4
[17.734s] DEBUG:colcon.colcon_core.event_handler.log_command:Invoked command in '/home/jetson/ros2_ws_px4/build/trajectory_generator_pkg' returned '2': CMAKE_PREFIX_PATH=/home/jetson/ros2_ws_px4/install/px4_msgs:/home/jetson/fastlio2_ws/install/pgo:/home/jetson/fastlio2_ws/install/localizer:/home/jetson/fastlio2_ws/install/fastlio2:/home/jetson/fastlio2_ws/install/livox_ros_driver2:/home/jetson/fastlio2_ws/install/hba:/home/jetson/fastlio2_ws/install/interface:/home/jetson/fastlio2_ws/install/fastlio_to_px4:/home/jetson/ros2_ws_px4/install/px4_ros_com:/home/jetson/ros2_ws_px4/install/offboard_pkg:/home/jetson/ros2_ws_px4/install/offboard_core_pkg:/home/jetson/ros2_ws_px4/install/fastlio_to_px4 LD_LIBRARY_PATH=/home/jetson/ros2_ws_px4/install/px4_msgs/lib:/usr/local/cuda-12.6/lib64:/home/jetson/fastlio2_ws/install/livox_ros_driver2/lib:/home/jetson/fastlio2_ws/install/interface/lib:/home/jetson/ros2_ws_px4/install/px4_ros_com/lib:/home/jetson/ros2_ws_px4/install/offboard_core_pkg/lib:/opt/ros/humble/opt/rviz_ogre_vendor/lib:/opt/ros/humble/lib/aarch64-linux-gnu:/opt/ros/humble/lib:/usr/local/cuda-12.6/lib64 /usr/bin/cmake --build /home/jetson/ros2_ws_px4/build/trajectory_generator_pkg -- -j4 -l4
[17.735s] Level 1:colcon.colcon_core.shell:create_environment_hook('trajectory_generator_pkg', 'ros_package_path')
[17.736s] INFO:colcon.colcon_core.shell:Creating environment hook '/home/jetson/ros2_ws_px4/install/trajectory_generator_pkg/share/trajectory_generator_pkg/hook/ros_package_path.ps1'
[17.739s] INFO:colcon.colcon_core.shell:Creating environment descriptor '/home/jetson/ros2_ws_px4/install/trajectory_generator_pkg/share/trajectory_generator_pkg/hook/ros_package_path.dsv'
[17.740s] INFO:colcon.colcon_core.shell:Creating environment hook '/home/jetson/ros2_ws_px4/install/trajectory_generator_pkg/share/trajectory_generator_pkg/hook/ros_package_path.sh'
[17.743s] Level 1:colcon.colcon_core.shell:create_environment_hook('trajectory_generator_pkg', 'pkg_config_path')
[17.744s] INFO:colcon.colcon_core.shell:Creating environment hook '/home/jetson/ros2_ws_px4/install/trajectory_generator_pkg/share/trajectory_generator_pkg/hook/pkg_config_path.ps1'
[17.745s] INFO:colcon.colcon_core.shell:Creating environment descriptor '/home/jetson/ros2_ws_px4/install/trajectory_generator_pkg/share/trajectory_generator_pkg/hook/pkg_config_path.dsv'
[17.747s] INFO:colcon.colcon_core.shell:Creating environment hook '/home/jetson/ros2_ws_px4/install/trajectory_generator_pkg/share/trajectory_generator_pkg/hook/pkg_config_path.sh'
[17.752s] Level 1:colcon.colcon_core.shell:create_environment_hook('trajectory_generator_pkg', 'pkg_config_path_multiarch')
[17.752s] INFO:colcon.colcon_core.shell:Creating environment hook '/home/jetson/ros2_ws_px4/install/trajectory_generator_pkg/share/trajectory_generator_pkg/hook/pkg_config_path_multiarch.ps1'
[17.753s] INFO:colcon.colcon_core.shell:Creating environment descriptor '/home/jetson/ros2_ws_px4/install/trajectory_generator_pkg/share/trajectory_generator_pkg/hook/pkg_config_path_multiarch.dsv'
[17.754s] INFO:colcon.colcon_core.shell:Creating environment hook '/home/jetson/ros2_ws_px4/install/trajectory_generator_pkg/share/trajectory_generator_pkg/hook/pkg_config_path_multiarch.sh'
[17.757s] Level 1:colcon.colcon_core.environment:create_environment_scripts_only(trajectory_generator_pkg)
[17.766s] Level 1:colcon.colcon_core.environment:checking '/home/jetson/ros2_ws_px4/install/trajectory_generator_pkg' for CMake module files
[17.767s] Level 1:colcon.colcon_core.environment:checking '/home/jetson/ros2_ws_px4/install/trajectory_generator_pkg' for CMake config files
[17.768s] Level 1:colcon.colcon_core.environment:checking '/home/jetson/ros2_ws_px4/install/trajectory_generator_pkg/bin'
[17.769s] Level 1:colcon.colcon_core.environment:checking '/home/jetson/ros2_ws_px4/install/trajectory_generator_pkg/lib/pkgconfig/trajectory_generator_pkg.pc'
[17.770s] Level 1:colcon.colcon_core.environment:checking '/home/jetson/ros2_ws_px4/install/trajectory_generator_pkg/lib/python3.10/site-packages'
[17.771s] Level 1:colcon.colcon_core.environment:checking '/home/jetson/ros2_ws_px4/install/trajectory_generator_pkg/bin'
[17.772s] INFO:colcon.colcon_core.shell:Creating package script '/home/jetson/ros2_ws_px4/install/trajectory_generator_pkg/share/trajectory_generator_pkg/package.ps1'
[17.775s] INFO:colcon.colcon_core.shell:Creating package descriptor '/home/jetson/ros2_ws_px4/install/trajectory_generator_pkg/share/trajectory_generator_pkg/package.dsv'
[17.778s] INFO:colcon.colcon_core.shell:Creating package script '/home/jetson/ros2_ws_px4/install/trajectory_generator_pkg/share/trajectory_generator_pkg/package.sh'
[17.780s] INFO:colcon.colcon_core.shell:Creating package script '/home/jetson/ros2_ws_px4/install/trajectory_generator_pkg/share/trajectory_generator_pkg/package.bash'
[17.783s] INFO:colcon.colcon_core.shell:Creating package script '/home/jetson/ros2_ws_px4/install/trajectory_generator_pkg/share/trajectory_generator_pkg/package.zsh'
[17.785s] Level 1:colcon.colcon_core.environment:create_file_with_runtime_dependencies(/home/jetson/ros2_ws_px4/install/trajectory_generator_pkg/share/colcon-core/packages/trajectory_generator_pkg)
[17.797s] DEBUG:colcon.colcon_parallel_executor.executor.parallel:closing loop
[17.797s] DEBUG:colcon.colcon_parallel_executor.executor.parallel:loop closed
[17.797s] DEBUG:colcon.colcon_parallel_executor.executor.parallel:run_until_complete finished with '2'
[17.797s] DEBUG:colcon.colcon_core.event_reactor:joining thread
[17.815s] INFO:colcon.colcon_core.plugin_system:Skipping extension 'colcon_notification.desktop_notification.terminal_notifier': Not used on non-Darwin systems
[17.816s] INFO:colcon.colcon_core.plugin_system:Skipping extension 'colcon_notification.desktop_notification.win32': Not used on non-Windows systems
[17.816s] INFO:colcon.colcon_notification.desktop_notification:Sending desktop notification using 'notify2'
[17.842s] DEBUG:colcon.colcon_notification.desktop_notification.notify2:Failed to initialize notify2: org.freedesktop.DBus.Error.Spawn.ChildExited: Process org.freedesktop.Notifications exited with status 1
[17.842s] DEBUG:colcon.colcon_core.event_reactor:joined thread
[17.843s] INFO:colcon.colcon_core.shell:Creating prefix script '/home/jetson/ros2_ws_px4/install/local_setup.ps1'
[17.847s] INFO:colcon.colcon_core.shell:Creating prefix util module '/home/jetson/ros2_ws_px4/install/_local_setup_util_ps1.py'
[17.850s] INFO:colcon.colcon_core.shell:Creating prefix chain script '/home/jetson/ros2_ws_px4/install/setup.ps1'
[17.855s] INFO:colcon.colcon_core.shell:Creating prefix script '/home/jetson/ros2_ws_px4/install/local_setup.sh'
[17.856s] INFO:colcon.colcon_core.shell:Creating prefix util module '/home/jetson/ros2_ws_px4/install/_local_setup_util_sh.py'
[17.858s] INFO:colcon.colcon_core.shell:Creating prefix chain script '/home/jetson/ros2_ws_px4/install/setup.sh'
[17.864s] INFO:colcon.colcon_core.shell:Creating prefix script '/home/jetson/ros2_ws_px4/install/local_setup.bash'
[17.865s] INFO:colcon.colcon_core.shell:Creating prefix chain script '/home/jetson/ros2_ws_px4/install/setup.bash'
[17.869s] INFO:colcon.colcon_core.shell:Creating prefix script '/home/jetson/ros2_ws_px4/install/local_setup.zsh'
[17.871s] INFO:colcon.colcon_core.shell:Creating prefix chain script '/home/jetson/ros2_ws_px4/install/setup.zsh'
