[0.110s] Invoking command in '/home/jetson/ros2_ws_px4/build/px4_ros_com': CMAKE_PREFIX_PATH=/home/jetson/ros2_ws_px4/install/px4_msgs:/home/jetson/fastlio2_ws/install/pgo:/home/jetson/fastlio2_ws/install/localizer:/home/jetson/fastlio2_ws/install/fastlio2:/home/jetson/fastlio2_ws/install/livox_ros_driver2:/home/jetson/fastlio2_ws/install/hba:/home/jetson/fastlio2_ws/install/interface:/home/jetson/fastlio2_ws/install/bringup_pkg:/home/jetson/ros2_ws_px4/install/vision_node_pkg:/home/jetson/ros2_ws_px4/install/mission_bringup_pkg:/opt/ros/humble:/home/jetson/fastlio2_ws/install/fastlio_to_px4:/home/jetson/ros2_ws_px4/install/trajectory_generator_pkg:/home/jetson/ros2_ws_px4/install/px4_ros_com:/home/jetson/ros2_ws_px4/install/offboard_pkg:/home/jetson/ros2_ws_px4/install/offboard_core_pkg:/home/jetson/ros2_ws_px4/install/fastlio_to_px4 LD_LIBRARY_PATH=/home/jetson/ros2_ws_px4/install/px4_msgs/lib:/usr/local/cuda-12.6/lib64:/home/jetson/fastlio2_ws/install/livox_ros_driver2/lib:/home/jetson/fastlio2_ws/install/interface/lib:/home/jetson/ros2_ws_px4/install/px4_ros_com/lib:/home/jetson/ros2_ws_px4/install/offboard_core_pkg/lib:/opt/ros/humble/opt/rviz_ogre_vendor/lib:/opt/ros/humble/lib/aarch64-linux-gnu:/opt/ros/humble/lib:/usr/local/cuda-12.6/lib64 /usr/bin/cmake --build /home/jetson/ros2_ws_px4/build/px4_ros_com -- -j4 -l4
[0.445s] [ 16%] Built target debug_vect_advertiser
[0.448s] [ 33%] Built target vehicle_gps_position_listener
[0.471s] [ 50%] Built target frame_transforms
[0.473s] [ 66%] Built target sensor_combined_listener
[0.678s] [ 83%] Built target offboard_control_srv
[0.708s] [100%] Built target offboard_control
[0.768s] [100%] Built target ament_cmake_python_copy_px4_ros_com
[2.044s] running egg_info
[2.058s] writing px4_ros_com.egg-info/PKG-INFO
[2.060s] writing dependency_links to px4_ros_com.egg-info/dependency_links.txt
[2.060s] writing top-level names to px4_ros_com.egg-info/top_level.txt
[2.072s] reading manifest file 'px4_ros_com.egg-info/SOURCES.txt'
[2.078s] writing manifest file 'px4_ros_com.egg-info/SOURCES.txt'
[2.262s] [100%] Built target ament_cmake_python_build_px4_ros_com_egg
[2.313s] Invoked command in '/home/jetson/ros2_ws_px4/build/px4_ros_com' returned '0': CMAKE_PREFIX_PATH=/home/jetson/ros2_ws_px4/install/px4_msgs:/home/jetson/fastlio2_ws/install/pgo:/home/jetson/fastlio2_ws/install/localizer:/home/jetson/fastlio2_ws/install/fastlio2:/home/jetson/fastlio2_ws/install/livox_ros_driver2:/home/jetson/fastlio2_ws/install/hba:/home/jetson/fastlio2_ws/install/interface:/home/jetson/fastlio2_ws/install/bringup_pkg:/home/jetson/ros2_ws_px4/install/vision_node_pkg:/home/jetson/ros2_ws_px4/install/mission_bringup_pkg:/opt/ros/humble:/home/jetson/fastlio2_ws/install/fastlio_to_px4:/home/jetson/ros2_ws_px4/install/trajectory_generator_pkg:/home/jetson/ros2_ws_px4/install/px4_ros_com:/home/jetson/ros2_ws_px4/install/offboard_pkg:/home/jetson/ros2_ws_px4/install/offboard_core_pkg:/home/jetson/ros2_ws_px4/install/fastlio_to_px4 LD_LIBRARY_PATH=/home/jetson/ros2_ws_px4/install/px4_msgs/lib:/usr/local/cuda-12.6/lib64:/home/jetson/fastlio2_ws/install/livox_ros_driver2/lib:/home/jetson/fastlio2_ws/install/interface/lib:/home/jetson/ros2_ws_px4/install/px4_ros_com/lib:/home/jetson/ros2_ws_px4/install/offboard_core_pkg/lib:/opt/ros/humble/opt/rviz_ogre_vendor/lib:/opt/ros/humble/lib/aarch64-linux-gnu:/opt/ros/humble/lib:/usr/local/cuda-12.6/lib64 /usr/bin/cmake --build /home/jetson/ros2_ws_px4/build/px4_ros_com -- -j4 -l4
[2.329s] Invoking command in '/home/jetson/ros2_ws_px4/build/px4_ros_com': CMAKE_PREFIX_PATH=/home/jetson/ros2_ws_px4/install/px4_msgs:/home/jetson/fastlio2_ws/install/pgo:/home/jetson/fastlio2_ws/install/localizer:/home/jetson/fastlio2_ws/install/fastlio2:/home/jetson/fastlio2_ws/install/livox_ros_driver2:/home/jetson/fastlio2_ws/install/hba:/home/jetson/fastlio2_ws/install/interface:/home/jetson/fastlio2_ws/install/bringup_pkg:/home/jetson/ros2_ws_px4/install/vision_node_pkg:/home/jetson/ros2_ws_px4/install/mission_bringup_pkg:/opt/ros/humble:/home/jetson/fastlio2_ws/install/fastlio_to_px4:/home/jetson/ros2_ws_px4/install/trajectory_generator_pkg:/home/jetson/ros2_ws_px4/install/px4_ros_com:/home/jetson/ros2_ws_px4/install/offboard_pkg:/home/jetson/ros2_ws_px4/install/offboard_core_pkg:/home/jetson/ros2_ws_px4/install/fastlio_to_px4 LD_LIBRARY_PATH=/home/jetson/ros2_ws_px4/install/px4_msgs/lib:/usr/local/cuda-12.6/lib64:/home/jetson/fastlio2_ws/install/livox_ros_driver2/lib:/home/jetson/fastlio2_ws/install/interface/lib:/home/jetson/ros2_ws_px4/install/px4_ros_com/lib:/home/jetson/ros2_ws_px4/install/offboard_core_pkg/lib:/opt/ros/humble/opt/rviz_ogre_vendor/lib:/opt/ros/humble/lib/aarch64-linux-gnu:/opt/ros/humble/lib:/usr/local/cuda-12.6/lib64 /usr/bin/cmake --install /home/jetson/ros2_ws_px4/build/px4_ros_com
[2.358s] -- Install configuration: ""
[2.365s] -- Up-to-date: /home/jetson/ros2_ws_px4/install/px4_ros_com/lib/px4_ros_com/sensor_combined_listener
[2.366s] -- Up-to-date: /home/jetson/ros2_ws_px4/install/px4_ros_com/lib/px4_ros_com/vehicle_gps_position_listener
[2.367s] -- Up-to-date: /home/jetson/ros2_ws_px4/install/px4_ros_com/lib/px4_ros_com/debug_vect_advertiser
[2.369s] -- Up-to-date: /home/jetson/ros2_ws_px4/install/px4_ros_com/lib/px4_ros_com/offboard_control
[2.370s] -- Up-to-date: /home/jetson/ros2_ws_px4/install/px4_ros_com/lib/px4_ros_com/offboard_control_srv
[2.370s] -- Up-to-date: /home/jetson/ros2_ws_px4/install/px4_ros_com/share/px4_ros_com/environment/library_path.sh
[2.371s] -- Up-to-date: /home/jetson/ros2_ws_px4/install/px4_ros_com/share/px4_ros_com/environment/library_path.dsv
[2.371s] -- Up-to-date: /home/jetson/ros2_ws_px4/install/px4_ros_com/include/px4_ros_com
[2.371s] -- Up-to-date: /home/jetson/ros2_ws_px4/install/px4_ros_com/include/px4_ros_com/frame_transforms.h
[2.374s] -- Up-to-date: /home/jetson/ros2_ws_px4/install/px4_ros_com/lib/libframe_transforms.so
[2.374s] -- Up-to-date: /home/jetson/ros2_ws_px4/install/px4_ros_com/share/px4_ros_com//launch
[2.374s] -- Up-to-date: /home/jetson/ros2_ws_px4/install/px4_ros_com/share/px4_ros_com//launch/sensor_combined_listener.launch.py
[2.375s] -- Up-to-date: /home/jetson/ros2_ws_px4/install/px4_ros_com/share/px4_ros_com//launch/offboard_control_launch.yaml
[2.375s] -- Up-to-date: /home/jetson/ros2_ws_px4/install/px4_ros_com/share/px4_ros_com//test
[2.375s] -- Up-to-date: /home/jetson/ros2_ws_px4/install/px4_ros_com/share/px4_ros_com//test/pipeline_io_test.py
[2.375s] -- Up-to-date: /home/jetson/ros2_ws_px4/install/px4_ros_com/share/px4_ros_com//test/test_input.py
[2.375s] -- Up-to-date: /home/jetson/ros2_ws_px4/install/px4_ros_com/share/px4_ros_com//test/__init__.py
[2.375s] -- Up-to-date: /home/jetson/ros2_ws_px4/install/px4_ros_com/share/px4_ros_com//test/test_output.py
[2.375s] -- Up-to-date: /home/jetson/ros2_ws_px4/install/px4_ros_com/share/px4_ros_com/environment/pythonpath.sh
[2.376s] -- Up-to-date: /home/jetson/ros2_ws_px4/install/px4_ros_com/share/px4_ros_com/environment/pythonpath.dsv
[2.380s] -- Up-to-date: /home/jetson/ros2_ws_px4/install/px4_ros_com/local/lib/python3.10/dist-packages/px4_ros_com-0.1.0-py3.10.egg-info
[2.381s] -- Installing: /home/jetson/ros2_ws_px4/install/px4_ros_com/local/lib/python3.10/dist-packages/px4_ros_com-0.1.0-py3.10.egg-info/SOURCES.txt
[2.381s] -- Installing: /home/jetson/ros2_ws_px4/install/px4_ros_com/local/lib/python3.10/dist-packages/px4_ros_com-0.1.0-py3.10.egg-info/top_level.txt
[2.381s] -- Installing: /home/jetson/ros2_ws_px4/install/px4_ros_com/local/lib/python3.10/dist-packages/px4_ros_com-0.1.0-py3.10.egg-info/dependency_links.txt
[2.381s] -- Installing: /home/jetson/ros2_ws_px4/install/px4_ros_com/local/lib/python3.10/dist-packages/px4_ros_com-0.1.0-py3.10.egg-info/PKG-INFO
[2.381s] -- Up-to-date: /home/jetson/ros2_ws_px4/install/px4_ros_com/local/lib/python3.10/dist-packages/px4_ros_com
[2.381s] -- Up-to-date: /home/jetson/ros2_ws_px4/install/px4_ros_com/local/lib/python3.10/dist-packages/px4_ros_com/__init__.py
[2.381s] -- Up-to-date: /home/jetson/ros2_ws_px4/install/px4_ros_com/local/lib/python3.10/dist-packages/px4_ros_com/module_to_import.py
[2.569s] Listing '/home/jetson/ros2_ws_px4/install/px4_ros_com/local/lib/python3.10/dist-packages/px4_ros_com'...
[2.584s] -- Up-to-date: /home/jetson/ros2_ws_px4/install/px4_ros_com/lib/px4_ros_com/offboard_control.py
[2.585s] -- Up-to-date: /home/jetson/ros2_ws_px4/install/px4_ros_com/share/ament_index/resource_index/package_run_dependencies/px4_ros_com
[2.585s] -- Up-to-date: /home/jetson/ros2_ws_px4/install/px4_ros_com/share/ament_index/resource_index/parent_prefix_path/px4_ros_com
[2.585s] -- Up-to-date: /home/jetson/ros2_ws_px4/install/px4_ros_com/share/px4_ros_com/environment/ament_prefix_path.sh
[2.585s] -- Up-to-date: /home/jetson/ros2_ws_px4/install/px4_ros_com/share/px4_ros_com/environment/ament_prefix_path.dsv
[2.586s] -- Up-to-date: /home/jetson/ros2_ws_px4/install/px4_ros_com/share/px4_ros_com/environment/path.sh
[2.586s] -- Up-to-date: /home/jetson/ros2_ws_px4/install/px4_ros_com/share/px4_ros_com/environment/path.dsv
[2.586s] -- Up-to-date: /home/jetson/ros2_ws_px4/install/px4_ros_com/share/px4_ros_com/local_setup.bash
[2.586s] -- Up-to-date: /home/jetson/ros2_ws_px4/install/px4_ros_com/share/px4_ros_com/local_setup.sh
[2.586s] -- Up-to-date: /home/jetson/ros2_ws_px4/install/px4_ros_com/share/px4_ros_com/local_setup.zsh
[2.587s] -- Up-to-date: /home/jetson/ros2_ws_px4/install/px4_ros_com/share/px4_ros_com/local_setup.dsv
[2.587s] -- Installing: /home/jetson/ros2_ws_px4/install/px4_ros_com/share/px4_ros_com/package.dsv
[2.592s] -- Up-to-date: /home/jetson/ros2_ws_px4/install/px4_ros_com/share/ament_index/resource_index/packages/px4_ros_com
[2.594s] -- Up-to-date: /home/jetson/ros2_ws_px4/install/px4_ros_com/share/px4_ros_com/cmake/export_frame_transformsExport.cmake
[2.594s] -- Up-to-date: /home/jetson/ros2_ws_px4/install/px4_ros_com/share/px4_ros_com/cmake/export_frame_transformsExport-noconfig.cmake
[2.595s] -- Up-to-date: /home/jetson/ros2_ws_px4/install/px4_ros_com/share/px4_ros_com/cmake/ament_cmake_export_dependencies-extras.cmake
[2.596s] -- Up-to-date: /home/jetson/ros2_ws_px4/install/px4_ros_com/share/px4_ros_com/cmake/ament_cmake_export_targets-extras.cmake
[2.596s] -- Up-to-date: /home/jetson/ros2_ws_px4/install/px4_ros_com/share/px4_ros_com/cmake/ament_cmake_export_include_directories-extras.cmake
[2.596s] -- Up-to-date: /home/jetson/ros2_ws_px4/install/px4_ros_com/share/px4_ros_com/cmake/ament_cmake_export_libraries-extras.cmake
[2.608s] -- Up-to-date: /home/jetson/ros2_ws_px4/install/px4_ros_com/share/px4_ros_com/cmake/px4_ros_comConfig.cmake
[2.609s] -- Up-to-date: /home/jetson/ros2_ws_px4/install/px4_ros_com/share/px4_ros_com/cmake/px4_ros_comConfig-version.cmake
[2.609s] -- Up-to-date: /home/jetson/ros2_ws_px4/install/px4_ros_com/share/px4_ros_com/package.xml
[2.609s] Invoked command in '/home/jetson/ros2_ws_px4/build/px4_ros_com' returned '0': CMAKE_PREFIX_PATH=/home/jetson/ros2_ws_px4/install/px4_msgs:/home/jetson/fastlio2_ws/install/pgo:/home/jetson/fastlio2_ws/install/localizer:/home/jetson/fastlio2_ws/install/fastlio2:/home/jetson/fastlio2_ws/install/livox_ros_driver2:/home/jetson/fastlio2_ws/install/hba:/home/jetson/fastlio2_ws/install/interface:/home/jetson/fastlio2_ws/install/bringup_pkg:/home/jetson/ros2_ws_px4/install/vision_node_pkg:/home/jetson/ros2_ws_px4/install/mission_bringup_pkg:/opt/ros/humble:/home/jetson/fastlio2_ws/install/fastlio_to_px4:/home/jetson/ros2_ws_px4/install/trajectory_generator_pkg:/home/jetson/ros2_ws_px4/install/px4_ros_com:/home/jetson/ros2_ws_px4/install/offboard_pkg:/home/jetson/ros2_ws_px4/install/offboard_core_pkg:/home/jetson/ros2_ws_px4/install/fastlio_to_px4 LD_LIBRARY_PATH=/home/jetson/ros2_ws_px4/install/px4_msgs/lib:/usr/local/cuda-12.6/lib64:/home/jetson/fastlio2_ws/install/livox_ros_driver2/lib:/home/jetson/fastlio2_ws/install/interface/lib:/home/jetson/ros2_ws_px4/install/px4_ros_com/lib:/home/jetson/ros2_ws_px4/install/offboard_core_pkg/lib:/opt/ros/humble/opt/rviz_ogre_vendor/lib:/opt/ros/humble/lib/aarch64-linux-gnu:/opt/ros/humble/lib:/usr/local/cuda-12.6/lib64 /usr/bin/cmake --install /home/jetson/ros2_ws_px4/build/px4_ros_com
