-- Found ament_cmake: 1.3.13 (/opt/ros/humble/share/ament_cmake/cmake)
-- Found rclcpp: 16.0.18 (/opt/ros/humble/share/rclcpp/cmake)
-- Found rosidl_generator_c: 3.1.8 (/opt/ros/humble/share/rosidl_generator_c/cmake)
-- Found rosidl_adapter: 3.1.8 (/opt/ros/humble/share/rosidl_adapter/cmake)
-- Found rosidl_generator_cpp: 3.1.8 (/opt/ros/humble/share/rosidl_generator_cpp/cmake)
-- Using all available rosidl_typesupport_c: rosidl_typesupport_fastrtps_c;rosidl_typesupport_introspection_c
-- Using all available rosidl_typesupport_cpp: rosidl_typesupport_fastrtps_cpp;rosidl_typesupport_introspection_cpp
-- Found rmw_implementation_cmake: 6.1.2 (/opt/ros/humble/share/rmw_implementation_cmake/cmake)
-- Found rmw_fastrtps_cpp: 6.2.10 (/opt/ros/humble/share/rmw_fastrtps_cpp/cmake)
-- Using RMW implementation 'rmw_fastrtps_cpp' as default
-- Found px4_msgs: 2.0.1 (/home/jetson/ros2_ws_px4/install/px4_msgs/share/px4_msgs/cmake)
-- Configuring done
-- Generating done
-- Build files have been written to: /home/jetson/ros2_ws_px4/build/offboard_core_pkg
[35m[1mConsolidate compiler generated dependencies of target offboard_core[0m
[  5%] [32mBuilding CXX object CMakeFiles/offboard_core.dir/src/grid.cpp.o[0m
[ 10%] [32mBuilding CXX object CMakeFiles/offboard_core.dir/src/planners/tsp_min_snap_planner.cpp.o[0m
[ 15%] [32mBuilding CXX object CMakeFiles/offboard_core.dir/src/tasks/arm_task.cpp.o[0m
[ 20%] [32mBuilding CXX object CMakeFiles/offboard_core.dir/src/planners/min_snap_planner.cpp.o[0m
[ 25%] [32mBuilding CXX object CMakeFiles/offboard_core.dir/src/tasks/disarm_task.cpp.o[0m
[ 30%] [32mBuilding CXX object CMakeFiles/offboard_core.dir/src/tasks/grid_goto_dwell_task.cpp.o[0m
[ 35%] [32mBuilding CXX object CMakeFiles/offboard_core.dir/src/tasks/home_stabilize_task.cpp.o[0m
[ 40%] [32mBuilding CXX object CMakeFiles/offboard_core.dir/src/tasks/hover_task.cpp.o[0m
[ 45%] [32mBuilding CXX object CMakeFiles/offboard_core.dir/src/tasks/px4_land_mode_task.cpp.o[0m
[ 50%] [32mBuilding CXX object CMakeFiles/offboard_core.dir/src/tasks/presetpoint_task.cpp.o[0m
[ 55%] [32mBuilding CXX object CMakeFiles/offboard_core.dir/src/tasks/return_home_task.cpp.o[0m
[ 60%] [32mBuilding CXX object CMakeFiles/offboard_core.dir/src/tasks/set_offboard_task.cpp.o[0m
[ 65%] [32mBuilding CXX object CMakeFiles/offboard_core.dir/src/tasks/takeoff_task.cpp.o[0m
[ 70%] [32mBuilding CXX object CMakeFiles/offboard_core.dir/src/tasks/wait_home_task.cpp.o[0m
[ 75%] [32mBuilding CXX object CMakeFiles/offboard_core.dir/src/tasks/yaw_spin_task.cpp.o[0m
[ 80%] [32m[1mLinking CXX static library liboffboard_core.a[0m
[ 80%] Built target offboard_core
[35m[1mConsolidate compiler generated dependencies of target offboard_test1_node[0m
[ 85%] [32mBuilding CXX object CMakeFiles/offboard_test2_node.dir/src/nodes/offboard_test2.cpp.o[0m
[ 90%] [32mBuilding CXX object CMakeFiles/offboard_test1_node.dir/src/nodes/offboard_test1.cpp.o[0m
[ 95%] [32m[1mLinking CXX executable offboard_test1_node[0m
[100%] [32m[1mLinking CXX executable offboard_test2_node[0m
[100%] Built target offboard_test1_node
[100%] Built target offboard_test2_node
-- Install configuration: ""
-- Installing: /home/jetson/ros2_ws_px4/install/offboard_core_pkg/lib/liboffboard_core.a
-- Installing: /home/jetson/ros2_ws_px4/install/offboard_core_pkg/lib/offboard_core_pkg/offboard_test1_node
-- Set runtime path of "/home/jetson/ros2_ws_px4/install/offboard_core_pkg/lib/offboard_core_pkg/offboard_test1_node" to ""
-- Installing: /home/jetson/ros2_ws_px4/install/offboard_core_pkg/lib/offboard_core_pkg/offboard_test2_node
-- Set runtime path of "/home/jetson/ros2_ws_px4/install/offboard_core_pkg/lib/offboard_core_pkg/offboard_test2_node" to ""
-- Up-to-date: /home/jetson/ros2_ws_px4/install/offboard_core_pkg/include
-- Up-to-date: /home/jetson/ros2_ws_px4/install/offboard_core_pkg/include/offboard_core_pkg
-- Installing: /home/jetson/ros2_ws_px4/install/offboard_core_pkg/include/offboard_core_pkg/tasks.hpp
-- Up-to-date: /home/jetson/ros2_ws_px4/install/offboard_core_pkg/include/offboard_core_pkg/px4_iface.hpp
-- Installing: /home/jetson/ros2_ws_px4/install/offboard_core_pkg/include/offboard_core_pkg/planners
-- Installing: /home/jetson/ros2_ws_px4/install/offboard_core_pkg/include/offboard_core_pkg/planners/tsp_planner.hpp
-- Installing: /home/jetson/ros2_ws_px4/install/offboard_core_pkg/include/offboard_core_pkg/planners/tsp_min_snap_planner.hpp
-- Installing: /home/jetson/ros2_ws_px4/install/offboard_core_pkg/include/offboard_core_pkg/planners/min_snap_planner.hpp
-- Up-to-date: /home/jetson/ros2_ws_px4/install/offboard_core_pkg/include/offboard_core_pkg/tasks
-- Installing: /home/jetson/ros2_ws_px4/install/offboard_core_pkg/include/offboard_core_pkg/tasks/grid_goto_dwell_task.hpp
-- Up-to-date: /home/jetson/ros2_ws_px4/install/offboard_core_pkg/include/offboard_core_pkg/tasks/wait_home_task.hpp
-- Installing: /home/jetson/ros2_ws_px4/install/offboard_core_pkg/include/offboard_core_pkg/tasks/px4_land_mode_task.hpp
-- Up-to-date: /home/jetson/ros2_ws_px4/install/offboard_core_pkg/include/offboard_core_pkg/tasks/presetpoint_task.hpp
-- Up-to-date: /home/jetson/ros2_ws_px4/install/offboard_core_pkg/include/offboard_core_pkg/tasks/hover_task.hpp
-- Up-to-date: /home/jetson/ros2_ws_px4/install/offboard_core_pkg/include/offboard_core_pkg/tasks/return_home_task.hpp
-- Up-to-date: /home/jetson/ros2_ws_px4/install/offboard_core_pkg/include/offboard_core_pkg/tasks/disarm_task.hpp
-- Up-to-date: /home/jetson/ros2_ws_px4/install/offboard_core_pkg/include/offboard_core_pkg/tasks/set_offboard_task.hpp
-- Up-to-date: /home/jetson/ros2_ws_px4/install/offboard_core_pkg/include/offboard_core_pkg/tasks/home_stabilize_task.hpp
-- Installing: /home/jetson/ros2_ws_px4/install/offboard_core_pkg/include/offboard_core_pkg/tasks/yaw_spin_task.hpp
-- Installing: /home/jetson/ros2_ws_px4/install/offboard_core_pkg/include/offboard_core_pkg/tasks/tsp_grid_task.hpp
-- Up-to-date: /home/jetson/ros2_ws_px4/install/offboard_core_pkg/include/offboard_core_pkg/tasks/arm_task.hpp
-- Up-to-date: /home/jetson/ros2_ws_px4/install/offboard_core_pkg/include/offboard_core_pkg/tasks/takeoff_task.hpp
-- Installing: /home/jetson/ros2_ws_px4/install/offboard_core_pkg/include/offboard_core_pkg/grid.hpp
-- Up-to-date: /home/jetson/ros2_ws_px4/install/offboard_core_pkg/include/offboard_core_pkg/scheduler.hpp
-- Up-to-date: /home/jetson/ros2_ws_px4/install/offboard_core_pkg/include/offboard_core_pkg/itask.hpp
-- Up-to-date: /home/jetson/ros2_ws_px4/install/offboard_core_pkg/include/offboard_core_pkg/helpers
-- Up-to-date: /home/jetson/ros2_ws_px4/install/offboard_core_pkg/include/offboard_core_pkg/helpers/yaw_assist.hpp
-- Up-to-date: /home/jetson/ros2_ws_px4/install/offboard_core_pkg/include/offboard_core_pkg/math_tool.hpp
-- Installing: /home/jetson/ros2_ws_px4/install/offboard_core_pkg/include/offboard_core_pkg/context.hpp
-- Up-to-date: /home/jetson/ros2_ws_px4/install/offboard_core_pkg/share/offboard_core_pkg/environment/library_path.sh
-- Installing: /home/jetson/ros2_ws_px4/install/offboard_core_pkg/share/offboard_core_pkg/environment/library_path.dsv
-- Up-to-date: /home/jetson/ros2_ws_px4/install/offboard_core_pkg/share/ament_index/resource_index/package_run_dependencies/offboard_core_pkg
-- Installing: /home/jetson/ros2_ws_px4/install/offboard_core_pkg/share/ament_index/resource_index/parent_prefix_path/offboard_core_pkg
-- Up-to-date: /home/jetson/ros2_ws_px4/install/offboard_core_pkg/share/offboard_core_pkg/environment/ament_prefix_path.sh
-- Installing: /home/jetson/ros2_ws_px4/install/offboard_core_pkg/share/offboard_core_pkg/environment/ament_prefix_path.dsv
-- Up-to-date: /home/jetson/ros2_ws_px4/install/offboard_core_pkg/share/offboard_core_pkg/environment/path.sh
-- Installing: /home/jetson/ros2_ws_px4/install/offboard_core_pkg/share/offboard_core_pkg/environment/path.dsv
-- Up-to-date: /home/jetson/ros2_ws_px4/install/offboard_core_pkg/share/offboard_core_pkg/local_setup.bash
-- Up-to-date: /home/jetson/ros2_ws_px4/install/offboard_core_pkg/share/offboard_core_pkg/local_setup.sh
-- Up-to-date: /home/jetson/ros2_ws_px4/install/offboard_core_pkg/share/offboard_core_pkg/local_setup.zsh
-- Installing: /home/jetson/ros2_ws_px4/install/offboard_core_pkg/share/offboard_core_pkg/local_setup.dsv
-- Installing: /home/jetson/ros2_ws_px4/install/offboard_core_pkg/share/offboard_core_pkg/package.dsv
-- Up-to-date: /home/jetson/ros2_ws_px4/install/offboard_core_pkg/share/ament_index/resource_index/packages/offboard_core_pkg
-- Up-to-date: /home/jetson/ros2_ws_px4/install/offboard_core_pkg/share/offboard_core_pkg/cmake/ament_cmake_export_include_directories-extras.cmake
-- Up-to-date: /home/jetson/ros2_ws_px4/install/offboard_core_pkg/share/offboard_core_pkg/cmake/ament_cmake_export_libraries-extras.cmake
-- Up-to-date: /home/jetson/ros2_ws_px4/install/offboard_core_pkg/share/offboard_core_pkg/cmake/offboard_core_pkgConfig.cmake
-- Up-to-date: /home/jetson/ros2_ws_px4/install/offboard_core_pkg/share/offboard_core_pkg/cmake/offboard_core_pkgConfig-version.cmake
-- Up-to-date: /home/jetson/ros2_ws_px4/install/offboard_core_pkg/share/offboard_core_pkg/package.xml
