[35m[1mConsolidate compiler generated dependencies of target offboard_core[0m
[  6%] [32mBuilding CXX object CMakeFiles/offboard_core.dir/src/tasks/arm_task.cpp.o[0m
[ 13%] [32m[1mLinking CXX static library liboffboard_core.a[0m
[ 86%] Built target offboard_core
[35m[1mConsolidate compiler generated dependencies of target offboard_test1_node[0m
[ 93%] [32m[1mLinking CXX executable offboard_test1_node[0m
[100%] Built target offboard_test1_node
-- Install configuration: ""
-- Installing: /home/jetson/ros2_ws_px4/install/offboard_core_pkg/lib/liboffboard_core.a
-- Installing: /home/jetson/ros2_ws_px4/install/offboard_core_pkg/lib/offboard_core_pkg/offboard_test1_node
-- Set runtime path of "/home/jetson/ros2_ws_px4/install/offboard_core_pkg/lib/offboard_core_pkg/offboard_test1_node" to ""
-- Up-to-date: /home/jetson/ros2_ws_px4/install/offboard_core_pkg/include
-- Up-to-date: /home/jetson/ros2_ws_px4/install/offboard_core_pkg/include/offboard_core_pkg
-- Up-to-date: /home/jetson/ros2_ws_px4/install/offboard_core_pkg/include/offboard_core_pkg/tasks.hpp
-- Up-to-date: /home/jetson/ros2_ws_px4/install/offboard_core_pkg/include/offboard_core_pkg/px4_iface.hpp
-- Up-to-date: /home/jetson/ros2_ws_px4/install/offboard_core_pkg/include/offboard_core_pkg/tasks
-- Up-to-date: /home/jetson/ros2_ws_px4/install/offboard_core_pkg/include/offboard_core_pkg/tasks/grid_goto_dwell_task.hpp
-- Up-to-date: /home/jetson/ros2_ws_px4/install/offboard_core_pkg/include/offboard_core_pkg/tasks/wait_home_task.hpp
-- Up-to-date: /home/jetson/ros2_ws_px4/install/offboard_core_pkg/include/offboard_core_pkg/tasks/px4_land_mode_task.hpp
-- Up-to-date: /home/jetson/ros2_ws_px4/install/offboard_core_pkg/include/offboard_core_pkg/tasks/presetpoint_task.hpp
-- Up-to-date: /home/jetson/ros2_ws_px4/install/offboard_core_pkg/include/offboard_core_pkg/tasks/hover_task.hpp
-- Up-to-date: /home/jetson/ros2_ws_px4/install/offboard_core_pkg/include/offboard_core_pkg/tasks/return_home_task.hpp
-- Up-to-date: /home/jetson/ros2_ws_px4/install/offboard_core_pkg/include/offboard_core_pkg/tasks/disarm_task.hpp
-- Up-to-date: /home/jetson/ros2_ws_px4/install/offboard_core_pkg/include/offboard_core_pkg/tasks/set_offboard_task.hpp
-- Up-to-date: /home/jetson/ros2_ws_px4/install/offboard_core_pkg/include/offboard_core_pkg/tasks/home_stabilize_task.hpp
-- Up-to-date: /home/jetson/ros2_ws_px4/install/offboard_core_pkg/include/offboard_core_pkg/tasks/arm_task.hpp
-- Up-to-date: /home/jetson/ros2_ws_px4/install/offboard_core_pkg/include/offboard_core_pkg/tasks/takeoff_task.hpp
-- Up-to-date: /home/jetson/ros2_ws_px4/install/offboard_core_pkg/include/offboard_core_pkg/grid.hpp
-- Up-to-date: /home/jetson/ros2_ws_px4/install/offboard_core_pkg/include/offboard_core_pkg/scheduler.hpp
-- Up-to-date: /home/jetson/ros2_ws_px4/install/offboard_core_pkg/include/offboard_core_pkg/itask.hpp
-- Up-to-date: /home/jetson/ros2_ws_px4/install/offboard_core_pkg/include/offboard_core_pkg/helpers
-- Up-to-date: /home/jetson/ros2_ws_px4/install/offboard_core_pkg/include/offboard_core_pkg/helpers/yaw_assist.hpp
-- Up-to-date: /home/jetson/ros2_ws_px4/install/offboard_core_pkg/include/offboard_core_pkg/math_tool.hpp
-- Up-to-date: /home/jetson/ros2_ws_px4/install/offboard_core_pkg/include/offboard_core_pkg/context.hpp
-- Up-to-date: /home/jetson/ros2_ws_px4/install/offboard_core_pkg/share/offboard_core_pkg/environment/library_path.sh
-- Up-to-date: /home/jetson/ros2_ws_px4/install/offboard_core_pkg/share/offboard_core_pkg/environment/library_path.dsv
-- Up-to-date: /home/jetson/ros2_ws_px4/install/offboard_core_pkg/share/ament_index/resource_index/package_run_dependencies/offboard_core_pkg
-- Up-to-date: /home/jetson/ros2_ws_px4/install/offboard_core_pkg/share/ament_index/resource_index/parent_prefix_path/offboard_core_pkg
-- Up-to-date: /home/jetson/ros2_ws_px4/install/offboard_core_pkg/share/offboard_core_pkg/environment/ament_prefix_path.sh
-- Up-to-date: /home/jetson/ros2_ws_px4/install/offboard_core_pkg/share/offboard_core_pkg/environment/ament_prefix_path.dsv
-- Up-to-date: /home/jetson/ros2_ws_px4/install/offboard_core_pkg/share/offboard_core_pkg/environment/path.sh
-- Up-to-date: /home/jetson/ros2_ws_px4/install/offboard_core_pkg/share/offboard_core_pkg/environment/path.dsv
-- Up-to-date: /home/jetson/ros2_ws_px4/install/offboard_core_pkg/share/offboard_core_pkg/local_setup.bash
-- Up-to-date: /home/jetson/ros2_ws_px4/install/offboard_core_pkg/share/offboard_core_pkg/local_setup.sh
-- Up-to-date: /home/jetson/ros2_ws_px4/install/offboard_core_pkg/share/offboard_core_pkg/local_setup.zsh
-- Up-to-date: /home/jetson/ros2_ws_px4/install/offboard_core_pkg/share/offboard_core_pkg/local_setup.dsv
-- Installing: /home/jetson/ros2_ws_px4/install/offboard_core_pkg/share/offboard_core_pkg/package.dsv
-- Up-to-date: /home/jetson/ros2_ws_px4/install/offboard_core_pkg/share/ament_index/resource_index/packages/offboard_core_pkg
-- Up-to-date: /home/jetson/ros2_ws_px4/install/offboard_core_pkg/share/offboard_core_pkg/cmake/ament_cmake_export_include_directories-extras.cmake
-- Up-to-date: /home/jetson/ros2_ws_px4/install/offboard_core_pkg/share/offboard_core_pkg/cmake/ament_cmake_export_libraries-extras.cmake
-- Up-to-date: /home/jetson/ros2_ws_px4/install/offboard_core_pkg/share/offboard_core_pkg/cmake/offboard_core_pkgConfig.cmake
-- Up-to-date: /home/jetson/ros2_ws_px4/install/offboard_core_pkg/share/offboard_core_pkg/cmake/offboard_core_pkgConfig-version.cmake
-- Up-to-date: /home/jetson/ros2_ws_px4/install/offboard_core_pkg/share/offboard_core_pkg/package.xml
