[0.056s] Invoking command in '/home/jetson/ros2_ws_px4/build/offboard_core_pkg': CMAKE_PREFIX_PATH=/home/jetson/ros2_ws_px4/install/px4_msgs:/home/jetson/fastlio2_ws/install/pgo:/home/jetson/fastlio2_ws/install/localizer:/home/jetson/fastlio2_ws/install/fastlio2:/home/jetson/fastlio2_ws/install/livox_ros_driver2:/home/jetson/fastlio2_ws/install/hba:/home/jetson/fastlio2_ws/install/interface:/home/jetson/fastlio2_ws/install/bringup_pkg:/home/jetson/ros2_ws_px4/install/vision_node_pkg:/home/jetson/ros2_ws_px4/install/mission_bringup_pkg:/opt/ros/humble:/home/jetson/fastlio2_ws/install/fastlio_to_px4:/home/jetson/ros2_ws_px4/install/trajectory_generator_pkg:/home/jetson/ros2_ws_px4/install/px4_ros_com:/home/jetson/ros2_ws_px4/install/offboard_pkg:/home/jetson/ros2_ws_px4/install/offboard_core_pkg:/home/jetson/ros2_ws_px4/install/fastlio_to_px4 LD_LIBRARY_PATH=/home/jetson/ros2_ws_px4/install/px4_msgs/lib:/usr/local/cuda-12.6/lib64:/home/jetson/fastlio2_ws/install/livox_ros_driver2/lib:/home/jetson/fastlio2_ws/install/interface/lib:/home/jetson/ros2_ws_px4/install/px4_ros_com/lib:/home/jetson/ros2_ws_px4/install/offboard_core_pkg/lib:/opt/ros/humble/opt/rviz_ogre_vendor/lib:/opt/ros/humble/lib/aarch64-linux-gnu:/opt/ros/humble/lib:/usr/local/cuda-12.6/lib64 /usr/bin/cmake --build /home/jetson/ros2_ws_px4/build/offboard_core_pkg -- -j4 -l4
[0.312s] [35m[1mConsolidate compiler generated dependencies of target offboard_core[0m
[0.541s] [  6%] [32mBuilding CXX object CMakeFiles/offboard_core.dir/src/tasks/arm_task.cpp.o[0m
[6.273s] In file included from [01m[K/home/jetson/ros2_ws_px4/src/offboard_core_pkg/include/offboard_core_pkg/tasks/arm_task.hpp:5[m[K,
[6.273s]                  from [01m[K/home/jetson/ros2_ws_px4/src/offboard_core_pkg/src/tasks/arm_task.cpp:1[m[K:
[6.274s] [01m[K/home/jetson/ros2_ws_px4/src/offboard_core_pkg/include/offboard_core_pkg/itask.hpp:[m[K In member function ‘[01m[Kvirtual void ITask::onEnter(Context&)[m[K’:
[6.274s] [01m[K/home/jetson/ros2_ws_px4/src/offboard_core_pkg/include/offboard_core_pkg/itask.hpp:12:33:[m[K [01;35m[Kwarning: [m[Kunused parameter ‘[01m[Kctx[m[K’ [[01;35m[K]8;;https://gcc.gnu.org/onlinedocs/gcc/Warning-Options.html#index-Wunused-parameter-Wunused-parameter]8;;[m[K]
[6.274s]    12 |   virtual void onEnter([01;35m[KContext& ctx[m[K) {}
[6.274s]       |                        [01;35m[K~~~~~~~~~^~~[m[K
[6.274s] [01m[K/home/jetson/ros2_ws_px4/src/offboard_core_pkg/include/offboard_core_pkg/itask.hpp:[m[K In member function ‘[01m[Kvirtual void ITask::onExit(Context&)[m[K’:
[6.274s] [01m[K/home/jetson/ros2_ws_px4/src/offboard_core_pkg/include/offboard_core_pkg/itask.hpp:14:32:[m[K [01;35m[Kwarning: [m[Kunused parameter ‘[01m[Kctx[m[K’ [[01;35m[K]8;;https://gcc.gnu.org/onlinedocs/gcc/Warning-Options.html#index-Wunused-parameter-Wunused-parameter]8;;[m[K]
[6.274s]    14 |   virtual void onExit([01;35m[KContext& ctx[m[K) {}
[6.275s]       |                       [01;35m[K~~~~~~~~~^~~[m[K
[9.636s] [ 13%] [32m[1mLinking CXX static library liboffboard_core.a[0m
[9.775s] [ 86%] Built target offboard_core
[9.877s] [35m[1mConsolidate compiler generated dependencies of target offboard_test1_node[0m
[9.976s] [ 93%] [32m[1mLinking CXX executable offboard_test1_node[0m
[11.750s] [100%] Built target offboard_test1_node
[11.774s] Invoked command in '/home/jetson/ros2_ws_px4/build/offboard_core_pkg' returned '0': CMAKE_PREFIX_PATH=/home/jetson/ros2_ws_px4/install/px4_msgs:/home/jetson/fastlio2_ws/install/pgo:/home/jetson/fastlio2_ws/install/localizer:/home/jetson/fastlio2_ws/install/fastlio2:/home/jetson/fastlio2_ws/install/livox_ros_driver2:/home/jetson/fastlio2_ws/install/hba:/home/jetson/fastlio2_ws/install/interface:/home/jetson/fastlio2_ws/install/bringup_pkg:/home/jetson/ros2_ws_px4/install/vision_node_pkg:/home/jetson/ros2_ws_px4/install/mission_bringup_pkg:/opt/ros/humble:/home/jetson/fastlio2_ws/install/fastlio_to_px4:/home/jetson/ros2_ws_px4/install/trajectory_generator_pkg:/home/jetson/ros2_ws_px4/install/px4_ros_com:/home/jetson/ros2_ws_px4/install/offboard_pkg:/home/jetson/ros2_ws_px4/install/offboard_core_pkg:/home/jetson/ros2_ws_px4/install/fastlio_to_px4 LD_LIBRARY_PATH=/home/jetson/ros2_ws_px4/install/px4_msgs/lib:/usr/local/cuda-12.6/lib64:/home/jetson/fastlio2_ws/install/livox_ros_driver2/lib:/home/jetson/fastlio2_ws/install/interface/lib:/home/jetson/ros2_ws_px4/install/px4_ros_com/lib:/home/jetson/ros2_ws_px4/install/offboard_core_pkg/lib:/opt/ros/humble/opt/rviz_ogre_vendor/lib:/opt/ros/humble/lib/aarch64-linux-gnu:/opt/ros/humble/lib:/usr/local/cuda-12.6/lib64 /usr/bin/cmake --build /home/jetson/ros2_ws_px4/build/offboard_core_pkg -- -j4 -l4
[11.780s] Invoking command in '/home/jetson/ros2_ws_px4/build/offboard_core_pkg': CMAKE_PREFIX_PATH=/home/jetson/ros2_ws_px4/install/px4_msgs:/home/jetson/fastlio2_ws/install/pgo:/home/jetson/fastlio2_ws/install/localizer:/home/jetson/fastlio2_ws/install/fastlio2:/home/jetson/fastlio2_ws/install/livox_ros_driver2:/home/jetson/fastlio2_ws/install/hba:/home/jetson/fastlio2_ws/install/interface:/home/jetson/fastlio2_ws/install/bringup_pkg:/home/jetson/ros2_ws_px4/install/vision_node_pkg:/home/jetson/ros2_ws_px4/install/mission_bringup_pkg:/opt/ros/humble:/home/jetson/fastlio2_ws/install/fastlio_to_px4:/home/jetson/ros2_ws_px4/install/trajectory_generator_pkg:/home/jetson/ros2_ws_px4/install/px4_ros_com:/home/jetson/ros2_ws_px4/install/offboard_pkg:/home/jetson/ros2_ws_px4/install/offboard_core_pkg:/home/jetson/ros2_ws_px4/install/fastlio_to_px4 LD_LIBRARY_PATH=/home/jetson/ros2_ws_px4/install/px4_msgs/lib:/usr/local/cuda-12.6/lib64:/home/jetson/fastlio2_ws/install/livox_ros_driver2/lib:/home/jetson/fastlio2_ws/install/interface/lib:/home/jetson/ros2_ws_px4/install/px4_ros_com/lib:/home/jetson/ros2_ws_px4/install/offboard_core_pkg/lib:/opt/ros/humble/opt/rviz_ogre_vendor/lib:/opt/ros/humble/lib/aarch64-linux-gnu:/opt/ros/humble/lib:/usr/local/cuda-12.6/lib64 /usr/bin/cmake --install /home/jetson/ros2_ws_px4/build/offboard_core_pkg
[11.796s] -- Install configuration: ""
[11.797s] -- Installing: /home/jetson/ros2_ws_px4/install/offboard_core_pkg/lib/liboffboard_core.a
[11.802s] -- Installing: /home/jetson/ros2_ws_px4/install/offboard_core_pkg/lib/offboard_core_pkg/offboard_test1_node
[11.818s] -- Set runtime path of "/home/jetson/ros2_ws_px4/install/offboard_core_pkg/lib/offboard_core_pkg/offboard_test1_node" to ""
[11.819s] -- Up-to-date: /home/jetson/ros2_ws_px4/install/offboard_core_pkg/include
[11.819s] -- Up-to-date: /home/jetson/ros2_ws_px4/install/offboard_core_pkg/include/offboard_core_pkg
[11.819s] -- Up-to-date: /home/jetson/ros2_ws_px4/install/offboard_core_pkg/include/offboard_core_pkg/tasks.hpp
[11.819s] -- Up-to-date: /home/jetson/ros2_ws_px4/install/offboard_core_pkg/include/offboard_core_pkg/px4_iface.hpp
[11.820s] -- Up-to-date: /home/jetson/ros2_ws_px4/install/offboard_core_pkg/include/offboard_core_pkg/tasks
[11.820s] -- Up-to-date: /home/jetson/ros2_ws_px4/install/offboard_core_pkg/include/offboard_core_pkg/tasks/grid_goto_dwell_task.hpp
[11.820s] -- Up-to-date: /home/jetson/ros2_ws_px4/install/offboard_core_pkg/include/offboard_core_pkg/tasks/wait_home_task.hpp
[11.820s] -- Up-to-date: /home/jetson/ros2_ws_px4/install/offboard_core_pkg/include/offboard_core_pkg/tasks/px4_land_mode_task.hpp
[11.820s] -- Up-to-date: /home/jetson/ros2_ws_px4/install/offboard_core_pkg/include/offboard_core_pkg/tasks/presetpoint_task.hpp
[11.821s] -- Up-to-date: /home/jetson/ros2_ws_px4/install/offboard_core_pkg/include/offboard_core_pkg/tasks/hover_task.hpp
[11.821s] -- Up-to-date: /home/jetson/ros2_ws_px4/install/offboard_core_pkg/include/offboard_core_pkg/tasks/return_home_task.hpp
[11.821s] -- Up-to-date: /home/jetson/ros2_ws_px4/install/offboard_core_pkg/include/offboard_core_pkg/tasks/disarm_task.hpp
[11.821s] -- Up-to-date: /home/jetson/ros2_ws_px4/install/offboard_core_pkg/include/offboard_core_pkg/tasks/set_offboard_task.hpp
[11.821s] -- Up-to-date: /home/jetson/ros2_ws_px4/install/offboard_core_pkg/include/offboard_core_pkg/tasks/home_stabilize_task.hpp
[11.821s] -- Up-to-date: /home/jetson/ros2_ws_px4/install/offboard_core_pkg/include/offboard_core_pkg/tasks/arm_task.hpp
[11.822s] -- Up-to-date: /home/jetson/ros2_ws_px4/install/offboard_core_pkg/include/offboard_core_pkg/tasks/takeoff_task.hpp
[11.822s] -- Up-to-date: /home/jetson/ros2_ws_px4/install/offboard_core_pkg/include/offboard_core_pkg/grid.hpp
[11.822s] -- Up-to-date: /home/jetson/ros2_ws_px4/install/offboard_core_pkg/include/offboard_core_pkg/scheduler.hpp
[11.822s] -- Up-to-date: /home/jetson/ros2_ws_px4/install/offboard_core_pkg/include/offboard_core_pkg/itask.hpp
[11.822s] -- Up-to-date: /home/jetson/ros2_ws_px4/install/offboard_core_pkg/include/offboard_core_pkg/helpers
[11.822s] -- Up-to-date: /home/jetson/ros2_ws_px4/install/offboard_core_pkg/include/offboard_core_pkg/helpers/yaw_assist.hpp
[11.823s] -- Up-to-date: /home/jetson/ros2_ws_px4/install/offboard_core_pkg/include/offboard_core_pkg/math_tool.hpp
[11.823s] -- Up-to-date: /home/jetson/ros2_ws_px4/install/offboard_core_pkg/include/offboard_core_pkg/context.hpp
[11.823s] -- Up-to-date: /home/jetson/ros2_ws_px4/install/offboard_core_pkg/share/offboard_core_pkg/environment/library_path.sh
[11.823s] -- Up-to-date: /home/jetson/ros2_ws_px4/install/offboard_core_pkg/share/offboard_core_pkg/environment/library_path.dsv
[11.823s] -- Up-to-date: /home/jetson/ros2_ws_px4/install/offboard_core_pkg/share/ament_index/resource_index/package_run_dependencies/offboard_core_pkg
[11.823s] -- Up-to-date: /home/jetson/ros2_ws_px4/install/offboard_core_pkg/share/ament_index/resource_index/parent_prefix_path/offboard_core_pkg
[11.824s] -- Up-to-date: /home/jetson/ros2_ws_px4/install/offboard_core_pkg/share/offboard_core_pkg/environment/ament_prefix_path.sh
[11.824s] -- Up-to-date: /home/jetson/ros2_ws_px4/install/offboard_core_pkg/share/offboard_core_pkg/environment/ament_prefix_path.dsv
[11.824s] -- Up-to-date: /home/jetson/ros2_ws_px4/install/offboard_core_pkg/share/offboard_core_pkg/environment/path.sh
[11.824s] -- Up-to-date: /home/jetson/ros2_ws_px4/install/offboard_core_pkg/share/offboard_core_pkg/environment/path.dsv
[11.824s] -- Up-to-date: /home/jetson/ros2_ws_px4/install/offboard_core_pkg/share/offboard_core_pkg/local_setup.bash
[11.824s] -- Up-to-date: /home/jetson/ros2_ws_px4/install/offboard_core_pkg/share/offboard_core_pkg/local_setup.sh
[11.824s] -- Up-to-date: /home/jetson/ros2_ws_px4/install/offboard_core_pkg/share/offboard_core_pkg/local_setup.zsh
[11.824s] -- Up-to-date: /home/jetson/ros2_ws_px4/install/offboard_core_pkg/share/offboard_core_pkg/local_setup.dsv
[11.825s] -- Installing: /home/jetson/ros2_ws_px4/install/offboard_core_pkg/share/offboard_core_pkg/package.dsv
[11.825s] -- Up-to-date: /home/jetson/ros2_ws_px4/install/offboard_core_pkg/share/ament_index/resource_index/packages/offboard_core_pkg
[11.825s] -- Up-to-date: /home/jetson/ros2_ws_px4/install/offboard_core_pkg/share/offboard_core_pkg/cmake/ament_cmake_export_include_directories-extras.cmake
[11.825s] -- Up-to-date: /home/jetson/ros2_ws_px4/install/offboard_core_pkg/share/offboard_core_pkg/cmake/ament_cmake_export_libraries-extras.cmake
[11.825s] -- Up-to-date: /home/jetson/ros2_ws_px4/install/offboard_core_pkg/share/offboard_core_pkg/cmake/offboard_core_pkgConfig.cmake
[11.825s] -- Up-to-date: /home/jetson/ros2_ws_px4/install/offboard_core_pkg/share/offboard_core_pkg/cmake/offboard_core_pkgConfig-version.cmake
[11.825s] -- Up-to-date: /home/jetson/ros2_ws_px4/install/offboard_core_pkg/share/offboard_core_pkg/package.xml
[11.828s] Invoked command in '/home/jetson/ros2_ws_px4/build/offboard_core_pkg' returned '0': CMAKE_PREFIX_PATH=/home/jetson/ros2_ws_px4/install/px4_msgs:/home/jetson/fastlio2_ws/install/pgo:/home/jetson/fastlio2_ws/install/localizer:/home/jetson/fastlio2_ws/install/fastlio2:/home/jetson/fastlio2_ws/install/livox_ros_driver2:/home/jetson/fastlio2_ws/install/hba:/home/jetson/fastlio2_ws/install/interface:/home/jetson/fastlio2_ws/install/bringup_pkg:/home/jetson/ros2_ws_px4/install/vision_node_pkg:/home/jetson/ros2_ws_px4/install/mission_bringup_pkg:/opt/ros/humble:/home/jetson/fastlio2_ws/install/fastlio_to_px4:/home/jetson/ros2_ws_px4/install/trajectory_generator_pkg:/home/jetson/ros2_ws_px4/install/px4_ros_com:/home/jetson/ros2_ws_px4/install/offboard_pkg:/home/jetson/ros2_ws_px4/install/offboard_core_pkg:/home/jetson/ros2_ws_px4/install/fastlio_to_px4 LD_LIBRARY_PATH=/home/jetson/ros2_ws_px4/install/px4_msgs/lib:/usr/local/cuda-12.6/lib64:/home/jetson/fastlio2_ws/install/livox_ros_driver2/lib:/home/jetson/fastlio2_ws/install/interface/lib:/home/jetson/ros2_ws_px4/install/px4_ros_com/lib:/home/jetson/ros2_ws_px4/install/offboard_core_pkg/lib:/opt/ros/humble/opt/rviz_ogre_vendor/lib:/opt/ros/humble/lib/aarch64-linux-gnu:/opt/ros/humble/lib:/usr/local/cuda-12.6/lib64 /usr/bin/cmake --install /home/jetson/ros2_ws_px4/build/offboard_core_pkg
