[1.412s] Invoking command in '/home/jetson/ros2_ws_px4/src/mission_bringup_pkg': CMAKE_PREFIX_PATH=/home/jetson/ros2_ws_px4/install/offboard_core_pkg:/home/jetson/ros2_ws_px4/install/px4_msgs:/home/jetson/fastlio2_ws/install/pgo:/home/jetson/fastlio2_ws/install/localizer:/home/jetson/fastlio2_ws/install/fastlio2:/home/jetson/fastlio2_ws/install/livox_ros_driver2:/home/jetson/fastlio2_ws/install/hba:/home/jetson/fastlio2_ws/install/interface:/home/jetson/fastlio2_ws/install/fastlio_to_px4:/home/jetson/ros2_ws_px4/install/trajectory_generator_pkg:/home/jetson/ros2_ws_px4/install/px4_ros_com:/home/jetson/ros2_ws_px4/install/offboard_pkg:/home/jetson/ros2_ws_px4/install/fastlio_to_px4 LD_LIBRARY_PATH=/home/jetson/ros2_ws_px4/install/px4_msgs/lib:/usr/local/cuda-12.6/lib64:/home/jetson/fastlio2_ws/install/livox_ros_driver2/lib:/home/jetson/fastlio2_ws/install/interface/lib:/home/jetson/ros2_ws_px4/install/px4_ros_com/lib:/home/jetson/ros2_ws_px4/install/offboard_core_pkg/lib:/opt/ros/humble/opt/rviz_ogre_vendor/lib:/opt/ros/humble/lib/aarch64-linux-gnu:/opt/ros/humble/lib:/usr/local/cuda-12.6/lib64 PYTHONPATH=/home/jetson/ros2_ws_px4/build/mission_bringup_pkg/prefix_override:/usr/lib/python3/dist-packages/colcon_core/task/python/colcon_distutils_commands:/home/jetson/ros2_ws_px4/install/mission_bringup_pkg/lib/python3.10/site-packages:${PYTHONPATH} /usr/bin/python3 -W ignore:setup.py install is deprecated -W ignore:easy_install command is deprecated setup.py egg_info --egg-base ../../build/mission_bringup_pkg build --build-base /home/jetson/ros2_ws_px4/build/mission_bringup_pkg/build install --record /home/jetson/ros2_ws_px4/build/mission_bringup_pkg/install.log --single-version-externally-managed install_data
[1.983s] running egg_info
[1.984s] writing ../../build/mission_bringup_pkg/mission_bringup_pkg.egg-info/PKG-INFO
[1.985s] writing dependency_links to ../../build/mission_bringup_pkg/mission_bringup_pkg.egg-info/dependency_links.txt
[1.986s] writing entry points to ../../build/mission_bringup_pkg/mission_bringup_pkg.egg-info/entry_points.txt
[1.986s] writing requirements to ../../build/mission_bringup_pkg/mission_bringup_pkg.egg-info/requires.txt
[1.986s] writing top-level names to ../../build/mission_bringup_pkg/mission_bringup_pkg.egg-info/top_level.txt
[1.990s] reading manifest file '../../build/mission_bringup_pkg/mission_bringup_pkg.egg-info/SOURCES.txt'
[1.992s] writing manifest file '../../build/mission_bringup_pkg/mission_bringup_pkg.egg-info/SOURCES.txt'
[1.992s] running build
[1.992s] running build_py
[1.993s] running install
[1.993s] running install_lib
[1.999s] running install_data
[1.999s] running install_egg_info
[2.003s] removing '/home/jetson/ros2_ws_px4/install/mission_bringup_pkg/lib/python3.10/site-packages/mission_bringup_pkg-0.0.0-py3.10.egg-info' (and everything under it)
[2.003s] Copying ../../build/mission_bringup_pkg/mission_bringup_pkg.egg-info to /home/jetson/ros2_ws_px4/install/mission_bringup_pkg/lib/python3.10/site-packages/mission_bringup_pkg-0.0.0-py3.10.egg-info
[2.006s] running install_scripts
[2.055s] writing list of installed files to '/home/jetson/ros2_ws_px4/build/mission_bringup_pkg/install.log'
[2.122s] Invoked command in '/home/jetson/ros2_ws_px4/src/mission_bringup_pkg' returned '0': CMAKE_PREFIX_PATH=/home/jetson/ros2_ws_px4/install/offboard_core_pkg:/home/jetson/ros2_ws_px4/install/px4_msgs:/home/jetson/fastlio2_ws/install/pgo:/home/jetson/fastlio2_ws/install/localizer:/home/jetson/fastlio2_ws/install/fastlio2:/home/jetson/fastlio2_ws/install/livox_ros_driver2:/home/jetson/fastlio2_ws/install/hba:/home/jetson/fastlio2_ws/install/interface:/home/jetson/fastlio2_ws/install/fastlio_to_px4:/home/jetson/ros2_ws_px4/install/trajectory_generator_pkg:/home/jetson/ros2_ws_px4/install/px4_ros_com:/home/jetson/ros2_ws_px4/install/offboard_pkg:/home/jetson/ros2_ws_px4/install/fastlio_to_px4 LD_LIBRARY_PATH=/home/jetson/ros2_ws_px4/install/px4_msgs/lib:/usr/local/cuda-12.6/lib64:/home/jetson/fastlio2_ws/install/livox_ros_driver2/lib:/home/jetson/fastlio2_ws/install/interface/lib:/home/jetson/ros2_ws_px4/install/px4_ros_com/lib:/home/jetson/ros2_ws_px4/install/offboard_core_pkg/lib:/opt/ros/humble/opt/rviz_ogre_vendor/lib:/opt/ros/humble/lib/aarch64-linux-gnu:/opt/ros/humble/lib:/usr/local/cuda-12.6/lib64 PYTHONPATH=/home/jetson/ros2_ws_px4/build/mission_bringup_pkg/prefix_override:/usr/lib/python3/dist-packages/colcon_core/task/python/colcon_distutils_commands:/home/jetson/ros2_ws_px4/install/mission_bringup_pkg/lib/python3.10/site-packages:${PYTHONPATH} /usr/bin/python3 -W ignore:setup.py install is deprecated -W ignore:easy_install command is deprecated setup.py egg_info --egg-base ../../build/mission_bringup_pkg build --build-base /home/jetson/ros2_ws_px4/build/mission_bringup_pkg/build install --record /home/jetson/ros2_ws_px4/build/mission_bringup_pkg/install.log --single-version-externally-managed install_data
