[0.051s] Invoking command in '/home/jetson/ros2_ws_px4/build/fastlio_to_px4': CMAKE_PREFIX_PATH=/home/jetson/ros2_ws_px4/install/px4_msgs:/home/jetson/fastlio2_ws/install/pgo:/home/jetson/fastlio2_ws/install/localizer:/home/jetson/fastlio2_ws/install/fastlio2:/home/jetson/fastlio2_ws/install/livox_ros_driver2:/home/jetson/fastlio2_ws/install/hba:/home/jetson/fastlio2_ws/install/interface:/home/jetson/fastlio2_ws/install/bringup_pkg:/home/jetson/ros2_ws_px4/install/vision_node_pkg:/home/jetson/ros2_ws_px4/install/mission_bringup_pkg:/opt/ros/humble:/home/jetson/fastlio2_ws/install/fastlio_to_px4:/home/jetson/ros2_ws_px4/install/trajectory_generator_pkg:/home/jetson/ros2_ws_px4/install/px4_ros_com:/home/jetson/ros2_ws_px4/install/offboard_pkg:/home/jetson/ros2_ws_px4/install/offboard_core_pkg:/home/jetson/ros2_ws_px4/install/fastlio_to_px4 LD_LIBRARY_PATH=/home/jetson/ros2_ws_px4/install/px4_msgs/lib:/usr/local/cuda-12.6/lib64:/home/jetson/fastlio2_ws/install/livox_ros_driver2/lib:/home/jetson/fastlio2_ws/install/interface/lib:/home/jetson/ros2_ws_px4/install/px4_ros_com/lib:/home/jetson/ros2_ws_px4/install/offboard_core_pkg/lib:/opt/ros/humble/opt/rviz_ogre_vendor/lib:/opt/ros/humble/lib/aarch64-linux-gnu:/opt/ros/humble/lib:/usr/local/cuda-12.6/lib64 /usr/bin/cmake --build /home/jetson/ros2_ws_px4/build/fastlio_to_px4 -- -j4 -l4
[0.299s] [100%] Built target fastlio_to_px4_node
[0.333s] Invoked command in '/home/jetson/ros2_ws_px4/build/fastlio_to_px4' returned '0': CMAKE_PREFIX_PATH=/home/jetson/ros2_ws_px4/install/px4_msgs:/home/jetson/fastlio2_ws/install/pgo:/home/jetson/fastlio2_ws/install/localizer:/home/jetson/fastlio2_ws/install/fastlio2:/home/jetson/fastlio2_ws/install/livox_ros_driver2:/home/jetson/fastlio2_ws/install/hba:/home/jetson/fastlio2_ws/install/interface:/home/jetson/fastlio2_ws/install/bringup_pkg:/home/jetson/ros2_ws_px4/install/vision_node_pkg:/home/jetson/ros2_ws_px4/install/mission_bringup_pkg:/opt/ros/humble:/home/jetson/fastlio2_ws/install/fastlio_to_px4:/home/jetson/ros2_ws_px4/install/trajectory_generator_pkg:/home/jetson/ros2_ws_px4/install/px4_ros_com:/home/jetson/ros2_ws_px4/install/offboard_pkg:/home/jetson/ros2_ws_px4/install/offboard_core_pkg:/home/jetson/ros2_ws_px4/install/fastlio_to_px4 LD_LIBRARY_PATH=/home/jetson/ros2_ws_px4/install/px4_msgs/lib:/usr/local/cuda-12.6/lib64:/home/jetson/fastlio2_ws/install/livox_ros_driver2/lib:/home/jetson/fastlio2_ws/install/interface/lib:/home/jetson/ros2_ws_px4/install/px4_ros_com/lib:/home/jetson/ros2_ws_px4/install/offboard_core_pkg/lib:/opt/ros/humble/opt/rviz_ogre_vendor/lib:/opt/ros/humble/lib/aarch64-linux-gnu:/opt/ros/humble/lib:/usr/local/cuda-12.6/lib64 /usr/bin/cmake --build /home/jetson/ros2_ws_px4/build/fastlio_to_px4 -- -j4 -l4
[0.341s] Invoking command in '/home/jetson/ros2_ws_px4/build/fastlio_to_px4': CMAKE_PREFIX_PATH=/home/jetson/ros2_ws_px4/install/px4_msgs:/home/jetson/fastlio2_ws/install/pgo:/home/jetson/fastlio2_ws/install/localizer:/home/jetson/fastlio2_ws/install/fastlio2:/home/jetson/fastlio2_ws/install/livox_ros_driver2:/home/jetson/fastlio2_ws/install/hba:/home/jetson/fastlio2_ws/install/interface:/home/jetson/fastlio2_ws/install/bringup_pkg:/home/jetson/ros2_ws_px4/install/vision_node_pkg:/home/jetson/ros2_ws_px4/install/mission_bringup_pkg:/opt/ros/humble:/home/jetson/fastlio2_ws/install/fastlio_to_px4:/home/jetson/ros2_ws_px4/install/trajectory_generator_pkg:/home/jetson/ros2_ws_px4/install/px4_ros_com:/home/jetson/ros2_ws_px4/install/offboard_pkg:/home/jetson/ros2_ws_px4/install/offboard_core_pkg:/home/jetson/ros2_ws_px4/install/fastlio_to_px4 LD_LIBRARY_PATH=/home/jetson/ros2_ws_px4/install/px4_msgs/lib:/usr/local/cuda-12.6/lib64:/home/jetson/fastlio2_ws/install/livox_ros_driver2/lib:/home/jetson/fastlio2_ws/install/interface/lib:/home/jetson/ros2_ws_px4/install/px4_ros_com/lib:/home/jetson/ros2_ws_px4/install/offboard_core_pkg/lib:/opt/ros/humble/opt/rviz_ogre_vendor/lib:/opt/ros/humble/lib/aarch64-linux-gnu:/opt/ros/humble/lib:/usr/local/cuda-12.6/lib64 /usr/bin/cmake --install /home/jetson/ros2_ws_px4/build/fastlio_to_px4
[0.365s] -- Install configuration: ""
[0.368s] -- Up-to-date: /home/jetson/ros2_ws_px4/install/fastlio_to_px4/lib/fastlio_to_px4/fastlio_to_px4_node
[0.369s] -- Up-to-date: /home/jetson/ros2_ws_px4/install/fastlio_to_px4/share/fastlio_to_px4/launch
[0.370s] -- Up-to-date: /home/jetson/ros2_ws_px4/install/fastlio_to_px4/share/fastlio_to_px4/launch/fastlio_to_px4.launch.py
[0.371s] -- Up-to-date: /home/jetson/ros2_ws_px4/install/fastlio_to_px4/include/
[0.373s] -- Up-to-date: /home/jetson/ros2_ws_px4/install/fastlio_to_px4/include//fastlio_to_px4
[0.374s] -- Up-to-date: /home/jetson/ros2_ws_px4/install/fastlio_to_px4/include//fastlio_to_px4/frame_conversion.hpp
[0.375s] -- Up-to-date: /home/jetson/ros2_ws_px4/install/fastlio_to_px4/share/ament_index/resource_index/package_run_dependencies/fastlio_to_px4
[0.376s] -- Up-to-date: /home/jetson/ros2_ws_px4/install/fastlio_to_px4/share/ament_index/resource_index/parent_prefix_path/fastlio_to_px4
[0.376s] -- Up-to-date: /home/jetson/ros2_ws_px4/install/fastlio_to_px4/share/fastlio_to_px4/environment/ament_prefix_path.sh
[0.377s] -- Up-to-date: /home/jetson/ros2_ws_px4/install/fastlio_to_px4/share/fastlio_to_px4/environment/ament_prefix_path.dsv
[0.378s] -- Up-to-date: /home/jetson/ros2_ws_px4/install/fastlio_to_px4/share/fastlio_to_px4/environment/path.sh
[0.379s] -- Up-to-date: /home/jetson/ros2_ws_px4/install/fastlio_to_px4/share/fastlio_to_px4/environment/path.dsv
[0.379s] -- Up-to-date: /home/jetson/ros2_ws_px4/install/fastlio_to_px4/share/fastlio_to_px4/local_setup.bash
[0.383s] -- Up-to-date: /home/jetson/ros2_ws_px4/install/fastlio_to_px4/share/fastlio_to_px4/local_setup.sh
[0.385s] -- Up-to-date: /home/jetson/ros2_ws_px4/install/fastlio_to_px4/share/fastlio_to_px4/local_setup.zsh
[0.385s] -- Up-to-date: /home/jetson/ros2_ws_px4/install/fastlio_to_px4/share/fastlio_to_px4/local_setup.dsv
[0.386s] -- Installing: /home/jetson/ros2_ws_px4/install/fastlio_to_px4/share/fastlio_to_px4/package.dsv
[0.387s] -- Up-to-date: /home/jetson/ros2_ws_px4/install/fastlio_to_px4/share/ament_index/resource_index/packages/fastlio_to_px4
[0.389s] -- Up-to-date: /home/jetson/ros2_ws_px4/install/fastlio_to_px4/share/fastlio_to_px4/cmake/fastlio_to_px4Config.cmake
[0.389s] -- Up-to-date: /home/jetson/ros2_ws_px4/install/fastlio_to_px4/share/fastlio_to_px4/cmake/fastlio_to_px4Config-version.cmake
[0.390s] -- Up-to-date: /home/jetson/ros2_ws_px4/install/fastlio_to_px4/share/fastlio_to_px4/package.xml
[0.395s] Invoked command in '/home/jetson/ros2_ws_px4/build/fastlio_to_px4' returned '0': CMAKE_PREFIX_PATH=/home/jetson/ros2_ws_px4/install/px4_msgs:/home/jetson/fastlio2_ws/install/pgo:/home/jetson/fastlio2_ws/install/localizer:/home/jetson/fastlio2_ws/install/fastlio2:/home/jetson/fastlio2_ws/install/livox_ros_driver2:/home/jetson/fastlio2_ws/install/hba:/home/jetson/fastlio2_ws/install/interface:/home/jetson/fastlio2_ws/install/bringup_pkg:/home/jetson/ros2_ws_px4/install/vision_node_pkg:/home/jetson/ros2_ws_px4/install/mission_bringup_pkg:/opt/ros/humble:/home/jetson/fastlio2_ws/install/fastlio_to_px4:/home/jetson/ros2_ws_px4/install/trajectory_generator_pkg:/home/jetson/ros2_ws_px4/install/px4_ros_com:/home/jetson/ros2_ws_px4/install/offboard_pkg:/home/jetson/ros2_ws_px4/install/offboard_core_pkg:/home/jetson/ros2_ws_px4/install/fastlio_to_px4 LD_LIBRARY_PATH=/home/jetson/ros2_ws_px4/install/px4_msgs/lib:/usr/local/cuda-12.6/lib64:/home/jetson/fastlio2_ws/install/livox_ros_driver2/lib:/home/jetson/fastlio2_ws/install/interface/lib:/home/jetson/ros2_ws_px4/install/px4_ros_com/lib:/home/jetson/ros2_ws_px4/install/offboard_core_pkg/lib:/opt/ros/humble/opt/rviz_ogre_vendor/lib:/opt/ros/humble/lib/aarch64-linux-gnu:/opt/ros/humble/lib:/usr/local/cuda-12.6/lib64 /usr/bin/cmake --install /home/jetson/ros2_ws_px4/build/fastlio_to_px4
