[0.069s] Invoking command in '/home/jetson/ros2_ws_px4/build/px4_ros_com': CMAKE_PREFIX_PATH=/home/jetson/ros2_ws_px4/install/px4_msgs:/home/jetson/fastlio2_ws/install/pgo:/home/jetson/fastlio2_ws/install/localizer:/home/jetson/fastlio2_ws/install/fastlio2:/home/jetson/fastlio2_ws/install/livox_ros_driver2:/home/jetson/fastlio2_ws/install/hba:/home/jetson/fastlio2_ws/install/interface:/home/jetson/fastlio2_ws/install/bringup_pkg:/home/jetson/ros2_ws_px4/install/vision_node_pkg:/home/jetson/ros2_ws_px4/install/mission_bringup_pkg:/opt/ros/humble:/home/jetson/fastlio2_ws/install/fastlio_to_px4:/home/jetson/ros2_ws_px4/install/trajectory_generator_pkg:/home/jetson/ros2_ws_px4/install/px4_ros_com:/home/jetson/ros2_ws_px4/install/offboard_pkg:/home/jetson/ros2_ws_px4/install/offboard_core_pkg:/home/jetson/ros2_ws_px4/install/fastlio_to_px4 LD_LIBRARY_PATH=/home/jetson/ros2_ws_px4/install/px4_msgs/lib:/usr/local/cuda-12.6/lib64:/home/jetson/fastlio2_ws/install/livox_ros_driver2/lib:/home/jetson/fastlio2_ws/install/interface/lib:/home/jetson/ros2_ws_px4/install/px4_ros_com/lib:/home/jetson/ros2_ws_px4/install/offboard_core_pkg/lib:/opt/ros/humble/opt/rviz_ogre_vendor/lib:/opt/ros/humble/lib/aarch64-linux-gnu:/opt/ros/humble/lib:/usr/local/cuda-12.6/lib64 /usr/bin/cmake --build /home/jetson/ros2_ws_px4/build/px4_ros_com -- -j4 -l4
[0.358s] [ 16%] Built target vehicle_gps_position_listener
[0.393s] [ 33%] Built target frame_transforms
[0.407s] [ 50%] Built target debug_vect_advertiser
[0.433s] [ 66%] Built target sensor_combined_listener
[0.486s] [ 83%] Built target offboard_control
[0.523s] [100%] Built target offboard_control_srv
[0.538s] [100%] Built target ament_cmake_python_copy_px4_ros_com
[1.160s] running egg_info
[1.162s] writing px4_ros_com.egg-info/PKG-INFO
[1.162s] writing dependency_links to px4_ros_com.egg-info/dependency_links.txt
[1.163s] writing top-level names to px4_ros_com.egg-info/top_level.txt
[1.167s] reading manifest file 'px4_ros_com.egg-info/SOURCES.txt'
[1.169s] writing manifest file 'px4_ros_com.egg-info/SOURCES.txt'
[1.240s] [100%] Built target ament_cmake_python_build_px4_ros_com_egg
[1.264s] Invoked command in '/home/jetson/ros2_ws_px4/build/px4_ros_com' returned '0': CMAKE_PREFIX_PATH=/home/jetson/ros2_ws_px4/install/px4_msgs:/home/jetson/fastlio2_ws/install/pgo:/home/jetson/fastlio2_ws/install/localizer:/home/jetson/fastlio2_ws/install/fastlio2:/home/jetson/fastlio2_ws/install/livox_ros_driver2:/home/jetson/fastlio2_ws/install/hba:/home/jetson/fastlio2_ws/install/interface:/home/jetson/fastlio2_ws/install/bringup_pkg:/home/jetson/ros2_ws_px4/install/vision_node_pkg:/home/jetson/ros2_ws_px4/install/mission_bringup_pkg:/opt/ros/humble:/home/jetson/fastlio2_ws/install/fastlio_to_px4:/home/jetson/ros2_ws_px4/install/trajectory_generator_pkg:/home/jetson/ros2_ws_px4/install/px4_ros_com:/home/jetson/ros2_ws_px4/install/offboard_pkg:/home/jetson/ros2_ws_px4/install/offboard_core_pkg:/home/jetson/ros2_ws_px4/install/fastlio_to_px4 LD_LIBRARY_PATH=/home/jetson/ros2_ws_px4/install/px4_msgs/lib:/usr/local/cuda-12.6/lib64:/home/jetson/fastlio2_ws/install/livox_ros_driver2/lib:/home/jetson/fastlio2_ws/install/interface/lib:/home/jetson/ros2_ws_px4/install/px4_ros_com/lib:/home/jetson/ros2_ws_px4/install/offboard_core_pkg/lib:/opt/ros/humble/opt/rviz_ogre_vendor/lib:/opt/ros/humble/lib/aarch64-linux-gnu:/opt/ros/humble/lib:/usr/local/cuda-12.6/lib64 /usr/bin/cmake --build /home/jetson/ros2_ws_px4/build/px4_ros_com -- -j4 -l4
[1.268s] Invoking command in '/home/jetson/ros2_ws_px4/build/px4_ros_com': CMAKE_PREFIX_PATH=/home/jetson/ros2_ws_px4/install/px4_msgs:/home/jetson/fastlio2_ws/install/pgo:/home/jetson/fastlio2_ws/install/localizer:/home/jetson/fastlio2_ws/install/fastlio2:/home/jetson/fastlio2_ws/install/livox_ros_driver2:/home/jetson/fastlio2_ws/install/hba:/home/jetson/fastlio2_ws/install/interface:/home/jetson/fastlio2_ws/install/bringup_pkg:/home/jetson/ros2_ws_px4/install/vision_node_pkg:/home/jetson/ros2_ws_px4/install/mission_bringup_pkg:/opt/ros/humble:/home/jetson/fastlio2_ws/install/fastlio_to_px4:/home/jetson/ros2_ws_px4/install/trajectory_generator_pkg:/home/jetson/ros2_ws_px4/install/px4_ros_com:/home/jetson/ros2_ws_px4/install/offboard_pkg:/home/jetson/ros2_ws_px4/install/offboard_core_pkg:/home/jetson/ros2_ws_px4/install/fastlio_to_px4 LD_LIBRARY_PATH=/home/jetson/ros2_ws_px4/install/px4_msgs/lib:/usr/local/cuda-12.6/lib64:/home/jetson/fastlio2_ws/install/livox_ros_driver2/lib:/home/jetson/fastlio2_ws/install/interface/lib:/home/jetson/ros2_ws_px4/install/px4_ros_com/lib:/home/jetson/ros2_ws_px4/install/offboard_core_pkg/lib:/opt/ros/humble/opt/rviz_ogre_vendor/lib:/opt/ros/humble/lib/aarch64-linux-gnu:/opt/ros/humble/lib:/usr/local/cuda-12.6/lib64 /usr/bin/cmake --install /home/jetson/ros2_ws_px4/build/px4_ros_com
[1.283s] -- Install configuration: ""
[1.284s] -- Up-to-date: /home/jetson/ros2_ws_px4/install/px4_ros_com/lib/px4_ros_com/sensor_combined_listener
[1.286s] -- Up-to-date: /home/jetson/ros2_ws_px4/install/px4_ros_com/lib/px4_ros_com/vehicle_gps_position_listener
[1.288s] -- Up-to-date: /home/jetson/ros2_ws_px4/install/px4_ros_com/lib/px4_ros_com/debug_vect_advertiser
[1.289s] -- Up-to-date: /home/jetson/ros2_ws_px4/install/px4_ros_com/lib/px4_ros_com/offboard_control
[1.290s] -- Up-to-date: /home/jetson/ros2_ws_px4/install/px4_ros_com/lib/px4_ros_com/offboard_control_srv
[1.291s] -- Up-to-date: /home/jetson/ros2_ws_px4/install/px4_ros_com/share/px4_ros_com/environment/library_path.sh
[1.291s] -- Up-to-date: /home/jetson/ros2_ws_px4/install/px4_ros_com/share/px4_ros_com/environment/library_path.dsv
[1.291s] -- Up-to-date: /home/jetson/ros2_ws_px4/install/px4_ros_com/include/px4_ros_com
[1.292s] -- Up-to-date: /home/jetson/ros2_ws_px4/install/px4_ros_com/include/px4_ros_com/frame_transforms.h
[1.293s] -- Up-to-date: /home/jetson/ros2_ws_px4/install/px4_ros_com/lib/libframe_transforms.so
[1.294s] -- Up-to-date: /home/jetson/ros2_ws_px4/install/px4_ros_com/share/px4_ros_com//launch
[1.294s] -- Up-to-date: /home/jetson/ros2_ws_px4/install/px4_ros_com/share/px4_ros_com//launch/sensor_combined_listener.launch.py
[1.294s] -- Up-to-date: /home/jetson/ros2_ws_px4/install/px4_ros_com/share/px4_ros_com//launch/offboard_control_launch.yaml
[1.294s] -- Up-to-date: /home/jetson/ros2_ws_px4/install/px4_ros_com/share/px4_ros_com//test
[1.294s] -- Up-to-date: /home/jetson/ros2_ws_px4/install/px4_ros_com/share/px4_ros_com//test/pipeline_io_test.py
[1.295s] -- Up-to-date: /home/jetson/ros2_ws_px4/install/px4_ros_com/share/px4_ros_com//test/test_input.py
[1.295s] -- Up-to-date: /home/jetson/ros2_ws_px4/install/px4_ros_com/share/px4_ros_com//test/__init__.py
[1.295s] -- Up-to-date: /home/jetson/ros2_ws_px4/install/px4_ros_com/share/px4_ros_com//test/test_output.py
[1.295s] -- Up-to-date: /home/jetson/ros2_ws_px4/install/px4_ros_com/share/px4_ros_com/environment/pythonpath.sh
[1.295s] -- Up-to-date: /home/jetson/ros2_ws_px4/install/px4_ros_com/share/px4_ros_com/environment/pythonpath.dsv
[1.298s] -- Up-to-date: /home/jetson/ros2_ws_px4/install/px4_ros_com/local/lib/python3.10/dist-packages/px4_ros_com-0.1.0-py3.10.egg-info
[1.298s] -- Installing: /home/jetson/ros2_ws_px4/install/px4_ros_com/local/lib/python3.10/dist-packages/px4_ros_com-0.1.0-py3.10.egg-info/SOURCES.txt
[1.298s] -- Installing: /home/jetson/ros2_ws_px4/install/px4_ros_com/local/lib/python3.10/dist-packages/px4_ros_com-0.1.0-py3.10.egg-info/top_level.txt
[1.298s] -- Installing: /home/jetson/ros2_ws_px4/install/px4_ros_com/local/lib/python3.10/dist-packages/px4_ros_com-0.1.0-py3.10.egg-info/dependency_links.txt
[1.299s] -- Installing: /home/jetson/ros2_ws_px4/install/px4_ros_com/local/lib/python3.10/dist-packages/px4_ros_com-0.1.0-py3.10.egg-info/PKG-INFO
[1.299s] -- Up-to-date: /home/jetson/ros2_ws_px4/install/px4_ros_com/local/lib/python3.10/dist-packages/px4_ros_com
[1.299s] -- Up-to-date: /home/jetson/ros2_ws_px4/install/px4_ros_com/local/lib/python3.10/dist-packages/px4_ros_com/__init__.py
[1.300s] -- Up-to-date: /home/jetson/ros2_ws_px4/install/px4_ros_com/local/lib/python3.10/dist-packages/px4_ros_com/module_to_import.py
[1.370s] Listing '/home/jetson/ros2_ws_px4/install/px4_ros_com/local/lib/python3.10/dist-packages/px4_ros_com'...
[1.383s] -- Up-to-date: /home/jetson/ros2_ws_px4/install/px4_ros_com/lib/px4_ros_com/offboard_control.py
[1.383s] -- Up-to-date: /home/jetson/ros2_ws_px4/install/px4_ros_com/share/ament_index/resource_index/package_run_dependencies/px4_ros_com
[1.384s] -- Up-to-date: /home/jetson/ros2_ws_px4/install/px4_ros_com/share/ament_index/resource_index/parent_prefix_path/px4_ros_com
[1.384s] -- Up-to-date: /home/jetson/ros2_ws_px4/install/px4_ros_com/share/px4_ros_com/environment/ament_prefix_path.sh
[1.384s] -- Up-to-date: /home/jetson/ros2_ws_px4/install/px4_ros_com/share/px4_ros_com/environment/ament_prefix_path.dsv
[1.385s] -- Up-to-date: /home/jetson/ros2_ws_px4/install/px4_ros_com/share/px4_ros_com/environment/path.sh
[1.385s] -- Up-to-date: /home/jetson/ros2_ws_px4/install/px4_ros_com/share/px4_ros_com/environment/path.dsv
[1.385s] -- Up-to-date: /home/jetson/ros2_ws_px4/install/px4_ros_com/share/px4_ros_com/local_setup.bash
[1.385s] -- Up-to-date: /home/jetson/ros2_ws_px4/install/px4_ros_com/share/px4_ros_com/local_setup.sh
[1.385s] -- Up-to-date: /home/jetson/ros2_ws_px4/install/px4_ros_com/share/px4_ros_com/local_setup.zsh
[1.385s] -- Up-to-date: /home/jetson/ros2_ws_px4/install/px4_ros_com/share/px4_ros_com/local_setup.dsv
[1.385s] -- Installing: /home/jetson/ros2_ws_px4/install/px4_ros_com/share/px4_ros_com/package.dsv
[1.386s] -- Up-to-date: /home/jetson/ros2_ws_px4/install/px4_ros_com/share/ament_index/resource_index/packages/px4_ros_com
[1.386s] -- Up-to-date: /home/jetson/ros2_ws_px4/install/px4_ros_com/share/px4_ros_com/cmake/export_frame_transformsExport.cmake
[1.386s] -- Up-to-date: /home/jetson/ros2_ws_px4/install/px4_ros_com/share/px4_ros_com/cmake/export_frame_transformsExport-noconfig.cmake
[1.386s] -- Up-to-date: /home/jetson/ros2_ws_px4/install/px4_ros_com/share/px4_ros_com/cmake/ament_cmake_export_dependencies-extras.cmake
[1.387s] -- Up-to-date: /home/jetson/ros2_ws_px4/install/px4_ros_com/share/px4_ros_com/cmake/ament_cmake_export_targets-extras.cmake
[1.387s] -- Up-to-date: /home/jetson/ros2_ws_px4/install/px4_ros_com/share/px4_ros_com/cmake/ament_cmake_export_include_directories-extras.cmake
[1.387s] -- Up-to-date: /home/jetson/ros2_ws_px4/install/px4_ros_com/share/px4_ros_com/cmake/ament_cmake_export_libraries-extras.cmake
[1.388s] -- Up-to-date: /home/jetson/ros2_ws_px4/install/px4_ros_com/share/px4_ros_com/cmake/px4_ros_comConfig.cmake
[1.388s] -- Up-to-date: /home/jetson/ros2_ws_px4/install/px4_ros_com/share/px4_ros_com/cmake/px4_ros_comConfig-version.cmake
[1.388s] -- Up-to-date: /home/jetson/ros2_ws_px4/install/px4_ros_com/share/px4_ros_com/package.xml
[1.393s] Invoked command in '/home/jetson/ros2_ws_px4/build/px4_ros_com' returned '0': CMAKE_PREFIX_PATH=/home/jetson/ros2_ws_px4/install/px4_msgs:/home/jetson/fastlio2_ws/install/pgo:/home/jetson/fastlio2_ws/install/localizer:/home/jetson/fastlio2_ws/install/fastlio2:/home/jetson/fastlio2_ws/install/livox_ros_driver2:/home/jetson/fastlio2_ws/install/hba:/home/jetson/fastlio2_ws/install/interface:/home/jetson/fastlio2_ws/install/bringup_pkg:/home/jetson/ros2_ws_px4/install/vision_node_pkg:/home/jetson/ros2_ws_px4/install/mission_bringup_pkg:/opt/ros/humble:/home/jetson/fastlio2_ws/install/fastlio_to_px4:/home/jetson/ros2_ws_px4/install/trajectory_generator_pkg:/home/jetson/ros2_ws_px4/install/px4_ros_com:/home/jetson/ros2_ws_px4/install/offboard_pkg:/home/jetson/ros2_ws_px4/install/offboard_core_pkg:/home/jetson/ros2_ws_px4/install/fastlio_to_px4 LD_LIBRARY_PATH=/home/jetson/ros2_ws_px4/install/px4_msgs/lib:/usr/local/cuda-12.6/lib64:/home/jetson/fastlio2_ws/install/livox_ros_driver2/lib:/home/jetson/fastlio2_ws/install/interface/lib:/home/jetson/ros2_ws_px4/install/px4_ros_com/lib:/home/jetson/ros2_ws_px4/install/offboard_core_pkg/lib:/opt/ros/humble/opt/rviz_ogre_vendor/lib:/opt/ros/humble/lib/aarch64-linux-gnu:/opt/ros/humble/lib:/usr/local/cuda-12.6/lib64 /usr/bin/cmake --install /home/jetson/ros2_ws_px4/build/px4_ros_com
