[35m[1mConsolidate compiler generated dependencies of target fastlio_to_px4_node[0m
[100%] Built target fastlio_to_px4_node
-- Install configuration: ""
-- Up-to-date: /home/jetson/ros2_ws_px4/install/fastlio_to_px4/lib/fastlio_to_px4/fastlio_to_px4_node
-- Up-to-date: /home/jetson/ros2_ws_px4/install/fastlio_to_px4/share/fastlio_to_px4/launch
-- Up-to-date: /home/jetson/ros2_ws_px4/install/fastlio_to_px4/share/fastlio_to_px4/launch/fastlio_to_px4.launch.py
-- Up-to-date: /home/jetson/ros2_ws_px4/install/fastlio_to_px4/include/
-- Up-to-date: /home/jetson/ros2_ws_px4/install/fastlio_to_px4/include//fastlio_to_px4
-- Up-to-date: /home/jetson/ros2_ws_px4/install/fastlio_to_px4/include//fastlio_to_px4/frame_conversion.hpp
-- Up-to-date: /home/jetson/ros2_ws_px4/install/fastlio_to_px4/share/ament_index/resource_index/package_run_dependencies/fastlio_to_px4
-- Up-to-date: /home/jetson/ros2_ws_px4/install/fastlio_to_px4/share/ament_index/resource_index/parent_prefix_path/fastlio_to_px4
-- Up-to-date: /home/jetson/ros2_ws_px4/install/fastlio_to_px4/share/fastlio_to_px4/environment/ament_prefix_path.sh
-- Up-to-date: /home/jetson/ros2_ws_px4/install/fastlio_to_px4/share/fastlio_to_px4/environment/ament_prefix_path.dsv
-- Up-to-date: /home/jetson/ros2_ws_px4/install/fastlio_to_px4/share/fastlio_to_px4/environment/path.sh
-- Up-to-date: /home/jetson/ros2_ws_px4/install/fastlio_to_px4/share/fastlio_to_px4/environment/path.dsv
-- Up-to-date: /home/jetson/ros2_ws_px4/install/fastlio_to_px4/share/fastlio_to_px4/local_setup.bash
-- Up-to-date: /home/jetson/ros2_ws_px4/install/fastlio_to_px4/share/fastlio_to_px4/local_setup.sh
-- Up-to-date: /home/jetson/ros2_ws_px4/install/fastlio_to_px4/share/fastlio_to_px4/local_setup.zsh
-- Up-to-date: /home/jetson/ros2_ws_px4/install/fastlio_to_px4/share/fastlio_to_px4/local_setup.dsv
-- Installing: /home/jetson/ros2_ws_px4/install/fastlio_to_px4/share/fastlio_to_px4/package.dsv
-- Up-to-date: /home/jetson/ros2_ws_px4/install/fastlio_to_px4/share/ament_index/resource_index/packages/fastlio_to_px4
-- Up-to-date: /home/jetson/ros2_ws_px4/install/fastlio_to_px4/share/fastlio_to_px4/cmake/fastlio_to_px4Config.cmake
-- Up-to-date: /home/jetson/ros2_ws_px4/install/fastlio_to_px4/share/fastlio_to_px4/cmake/fastlio_to_px4Config-version.cmake
-- Up-to-date: /home/jetson/ros2_ws_px4/install/fastlio_to_px4/share/fastlio_to_px4/package.xml
