[0.043s] Invoking command in '/home/jetson/ros2_ws_px4/build/fastlio_to_px4': CMAKE_PREFIX_PATH=/home/jetson/ros2_ws_px4/install/px4_msgs:/home/jetson/fastlio2_ws/install/pgo:/home/jetson/fastlio2_ws/install/localizer:/home/jetson/fastlio2_ws/install/fastlio2:/home/jetson/fastlio2_ws/install/livox_ros_driver2:/home/jetson/fastlio2_ws/install/hba:/home/jetson/fastlio2_ws/install/interface:/home/jetson/fastlio2_ws/install/bringup_pkg:/opt/ros/humble:/home/jetson/fastlio2_ws/install/fastlio_to_px4:/home/jetson/ros2_ws_px4/install/trajectory_generator_pkg:/home/jetson/ros2_ws_px4/install/px4_ros_com:/home/jetson/ros2_ws_px4/install/offboard_pkg:/home/jetson/ros2_ws_px4/install/offboard_core_pkg:/home/jetson/ros2_ws_px4/install/fastlio_to_px4 LD_LIBRARY_PATH=/home/jetson/ros2_ws_px4/install/px4_msgs/lib:/usr/local/cuda-12.6/lib64:/home/jetson/fastlio2_ws/install/livox_ros_driver2/lib:/home/jetson/fastlio2_ws/install/interface/lib:/home/jetson/ros2_ws_px4/install/px4_ros_com/lib:/home/jetson/ros2_ws_px4/install/offboard_core_pkg/lib:/opt/ros/humble/opt/rviz_ogre_vendor/lib:/opt/ros/humble/lib/aarch64-linux-gnu:/opt/ros/humble/lib:/usr/local/cuda-12.6/lib64 /usr/bin/cmake --build /home/jetson/ros2_ws_px4/build/fastlio_to_px4 -- -j4 -l4
[0.177s] [35m[1mConsolidate compiler generated dependencies of target fastlio_to_px4_node[0m
[0.252s] [100%] Built target fastlio_to_px4_node
[0.293s] Invoked command in '/home/jetson/ros2_ws_px4/build/fastlio_to_px4' returned '0': CMAKE_PREFIX_PATH=/home/jetson/ros2_ws_px4/install/px4_msgs:/home/jetson/fastlio2_ws/install/pgo:/home/jetson/fastlio2_ws/install/localizer:/home/jetson/fastlio2_ws/install/fastlio2:/home/jetson/fastlio2_ws/install/livox_ros_driver2:/home/jetson/fastlio2_ws/install/hba:/home/jetson/fastlio2_ws/install/interface:/home/jetson/fastlio2_ws/install/bringup_pkg:/opt/ros/humble:/home/jetson/fastlio2_ws/install/fastlio_to_px4:/home/jetson/ros2_ws_px4/install/trajectory_generator_pkg:/home/jetson/ros2_ws_px4/install/px4_ros_com:/home/jetson/ros2_ws_px4/install/offboard_pkg:/home/jetson/ros2_ws_px4/install/offboard_core_pkg:/home/jetson/ros2_ws_px4/install/fastlio_to_px4 LD_LIBRARY_PATH=/home/jetson/ros2_ws_px4/install/px4_msgs/lib:/usr/local/cuda-12.6/lib64:/home/jetson/fastlio2_ws/install/livox_ros_driver2/lib:/home/jetson/fastlio2_ws/install/interface/lib:/home/jetson/ros2_ws_px4/install/px4_ros_com/lib:/home/jetson/ros2_ws_px4/install/offboard_core_pkg/lib:/opt/ros/humble/opt/rviz_ogre_vendor/lib:/opt/ros/humble/lib/aarch64-linux-gnu:/opt/ros/humble/lib:/usr/local/cuda-12.6/lib64 /usr/bin/cmake --build /home/jetson/ros2_ws_px4/build/fastlio_to_px4 -- -j4 -l4
[0.304s] Invoking command in '/home/jetson/ros2_ws_px4/build/fastlio_to_px4': CMAKE_PREFIX_PATH=/home/jetson/ros2_ws_px4/install/px4_msgs:/home/jetson/fastlio2_ws/install/pgo:/home/jetson/fastlio2_ws/install/localizer:/home/jetson/fastlio2_ws/install/fastlio2:/home/jetson/fastlio2_ws/install/livox_ros_driver2:/home/jetson/fastlio2_ws/install/hba:/home/jetson/fastlio2_ws/install/interface:/home/jetson/fastlio2_ws/install/bringup_pkg:/opt/ros/humble:/home/jetson/fastlio2_ws/install/fastlio_to_px4:/home/jetson/ros2_ws_px4/install/trajectory_generator_pkg:/home/jetson/ros2_ws_px4/install/px4_ros_com:/home/jetson/ros2_ws_px4/install/offboard_pkg:/home/jetson/ros2_ws_px4/install/offboard_core_pkg:/home/jetson/ros2_ws_px4/install/fastlio_to_px4 LD_LIBRARY_PATH=/home/jetson/ros2_ws_px4/install/px4_msgs/lib:/usr/local/cuda-12.6/lib64:/home/jetson/fastlio2_ws/install/livox_ros_driver2/lib:/home/jetson/fastlio2_ws/install/interface/lib:/home/jetson/ros2_ws_px4/install/px4_ros_com/lib:/home/jetson/ros2_ws_px4/install/offboard_core_pkg/lib:/opt/ros/humble/opt/rviz_ogre_vendor/lib:/opt/ros/humble/lib/aarch64-linux-gnu:/opt/ros/humble/lib:/usr/local/cuda-12.6/lib64 /usr/bin/cmake --install /home/jetson/ros2_ws_px4/build/fastlio_to_px4
[0.324s] -- Install configuration: ""
[0.327s] -- Up-to-date: /home/jetson/ros2_ws_px4/install/fastlio_to_px4/lib/fastlio_to_px4/fastlio_to_px4_node
[0.331s] -- Up-to-date: /home/jetson/ros2_ws_px4/install/fastlio_to_px4/share/fastlio_to_px4/launch
[0.332s] -- Up-to-date: /home/jetson/ros2_ws_px4/install/fastlio_to_px4/share/fastlio_to_px4/launch/fastlio_to_px4.launch.py
[0.332s] -- Up-to-date: /home/jetson/ros2_ws_px4/install/fastlio_to_px4/include/
[0.332s] -- Up-to-date: /home/jetson/ros2_ws_px4/install/fastlio_to_px4/include//fastlio_to_px4
[0.332s] -- Up-to-date: /home/jetson/ros2_ws_px4/install/fastlio_to_px4/include//fastlio_to_px4/frame_conversion.hpp
[0.333s] -- Up-to-date: /home/jetson/ros2_ws_px4/install/fastlio_to_px4/share/ament_index/resource_index/package_run_dependencies/fastlio_to_px4
[0.333s] -- Up-to-date: /home/jetson/ros2_ws_px4/install/fastlio_to_px4/share/ament_index/resource_index/parent_prefix_path/fastlio_to_px4
[0.333s] -- Up-to-date: /home/jetson/ros2_ws_px4/install/fastlio_to_px4/share/fastlio_to_px4/environment/ament_prefix_path.sh
[0.334s] -- Up-to-date: /home/jetson/ros2_ws_px4/install/fastlio_to_px4/share/fastlio_to_px4/environment/ament_prefix_path.dsv
[0.335s] -- Up-to-date: /home/jetson/ros2_ws_px4/install/fastlio_to_px4/share/fastlio_to_px4/environment/path.sh
[0.335s] -- Up-to-date: /home/jetson/ros2_ws_px4/install/fastlio_to_px4/share/fastlio_to_px4/environment/path.dsv
[0.335s] -- Up-to-date: /home/jetson/ros2_ws_px4/install/fastlio_to_px4/share/fastlio_to_px4/local_setup.bash
[0.336s] -- Up-to-date: /home/jetson/ros2_ws_px4/install/fastlio_to_px4/share/fastlio_to_px4/local_setup.sh
[0.336s] -- Up-to-date: /home/jetson/ros2_ws_px4/install/fastlio_to_px4/share/fastlio_to_px4/local_setup.zsh
[0.336s] -- Up-to-date: /home/jetson/ros2_ws_px4/install/fastlio_to_px4/share/fastlio_to_px4/local_setup.dsv
[0.336s] -- Installing: /home/jetson/ros2_ws_px4/install/fastlio_to_px4/share/fastlio_to_px4/package.dsv
[0.343s] -- Up-to-date: /home/jetson/ros2_ws_px4/install/fastlio_to_px4/share/ament_index/resource_index/packages/fastlio_to_px4
[0.343s] -- Up-to-date: /home/jetson/ros2_ws_px4/install/fastlio_to_px4/share/fastlio_to_px4/cmake/fastlio_to_px4Config.cmake
[0.344s] -- Up-to-date: /home/jetson/ros2_ws_px4/install/fastlio_to_px4/share/fastlio_to_px4/cmake/fastlio_to_px4Config-version.cmake
[0.344s] -- Up-to-date: /home/jetson/ros2_ws_px4/install/fastlio_to_px4/share/fastlio_to_px4/package.xml
[0.352s] Invoked command in '/home/jetson/ros2_ws_px4/build/fastlio_to_px4' returned '0': CMAKE_PREFIX_PATH=/home/jetson/ros2_ws_px4/install/px4_msgs:/home/jetson/fastlio2_ws/install/pgo:/home/jetson/fastlio2_ws/install/localizer:/home/jetson/fastlio2_ws/install/fastlio2:/home/jetson/fastlio2_ws/install/livox_ros_driver2:/home/jetson/fastlio2_ws/install/hba:/home/jetson/fastlio2_ws/install/interface:/home/jetson/fastlio2_ws/install/bringup_pkg:/opt/ros/humble:/home/jetson/fastlio2_ws/install/fastlio_to_px4:/home/jetson/ros2_ws_px4/install/trajectory_generator_pkg:/home/jetson/ros2_ws_px4/install/px4_ros_com:/home/jetson/ros2_ws_px4/install/offboard_pkg:/home/jetson/ros2_ws_px4/install/offboard_core_pkg:/home/jetson/ros2_ws_px4/install/fastlio_to_px4 LD_LIBRARY_PATH=/home/jetson/ros2_ws_px4/install/px4_msgs/lib:/usr/local/cuda-12.6/lib64:/home/jetson/fastlio2_ws/install/livox_ros_driver2/lib:/home/jetson/fastlio2_ws/install/interface/lib:/home/jetson/ros2_ws_px4/install/px4_ros_com/lib:/home/jetson/ros2_ws_px4/install/offboard_core_pkg/lib:/opt/ros/humble/opt/rviz_ogre_vendor/lib:/opt/ros/humble/lib/aarch64-linux-gnu:/opt/ros/humble/lib:/usr/local/cuda-12.6/lib64 /usr/bin/cmake --install /home/jetson/ros2_ws_px4/build/fastlio_to_px4
