[2.261s] Invoking command in '/home/jetson/ros2_ws_px4/src/vision_node_pkg': PYTHONPATH=/home/jetson/ros2_ws_px4/build/vision_node_pkg/prefix_override:/usr/lib/python3/dist-packages/colcon_core/task/python/colcon_distutils_commands:/home/jetson/ros2_ws_px4/install/vision_node_pkg/lib/python3.10/site-packages:${PYTHONPATH} /usr/bin/python3 -W ignore:setup.py install is deprecated -W ignore:easy_install command is deprecated setup.py egg_info --egg-base ../../build/vision_node_pkg build --build-base /home/jetson/ros2_ws_px4/build/vision_node_pkg/build install --record /home/jetson/ros2_ws_px4/build/vision_node_pkg/install.log --single-version-externally-managed install_data
[3.198s] running egg_info
[3.199s] writing ../../build/vision_node_pkg/vision_node_pkg.egg-info/PKG-INFO
[3.200s] writing dependency_links to ../../build/vision_node_pkg/vision_node_pkg.egg-info/dependency_links.txt
[3.200s] writing entry points to ../../build/vision_node_pkg/vision_node_pkg.egg-info/entry_points.txt
[3.200s] writing requirements to ../../build/vision_node_pkg/vision_node_pkg.egg-info/requires.txt
[3.201s] writing top-level names to ../../build/vision_node_pkg/vision_node_pkg.egg-info/top_level.txt
[3.211s] reading manifest file '../../build/vision_node_pkg/vision_node_pkg.egg-info/SOURCES.txt'
[3.214s] writing manifest file '../../build/vision_node_pkg/vision_node_pkg.egg-info/SOURCES.txt'
[3.214s] running build
[3.214s] running build_py
[3.214s] running install
[3.215s] running install_lib
[3.218s] byte-compiling /home/jetson/ros2_ws_px4/install/vision_node_pkg/lib/python3.10/site-packages/vision_node_pkg/vision1.py to vision1.cpython-310.pyc
[3.218s] running install_data
[3.219s] Sorry: IndentationError: expected an indented block after function definition on line 3 (vision1.py, line 4)
[3.219s] running install_egg_info
[3.223s] removing '/home/jetson/ros2_ws_px4/install/vision_node_pkg/lib/python3.10/site-packages/vision_node_pkg-0.0.0-py3.10.egg-info' (and everything under it)
[3.224s] Copying ../../build/vision_node_pkg/vision_node_pkg.egg-info to /home/jetson/ros2_ws_px4/install/vision_node_pkg/lib/python3.10/site-packages/vision_node_pkg-0.0.0-py3.10.egg-info
[3.230s] running install_scripts
[3.278s] writing list of installed files to '/home/jetson/ros2_ws_px4/build/vision_node_pkg/install.log'
[3.371s] Invoked command in '/home/jetson/ros2_ws_px4/src/vision_node_pkg' returned '0': PYTHONPATH=/home/jetson/ros2_ws_px4/build/vision_node_pkg/prefix_override:/usr/lib/python3/dist-packages/colcon_core/task/python/colcon_distutils_commands:/home/jetson/ros2_ws_px4/install/vision_node_pkg/lib/python3.10/site-packages:${PYTHONPATH} /usr/bin/python3 -W ignore:setup.py install is deprecated -W ignore:easy_install command is deprecated setup.py egg_info --egg-base ../../build/vision_node_pkg build --build-base /home/jetson/ros2_ws_px4/build/vision_node_pkg/build install --record /home/jetson/ros2_ws_px4/build/vision_node_pkg/install.log --single-version-externally-managed install_data
