running egg_info
writing ../../build/vision_node_pkg/vision_node_pkg.egg-info/PKG-INFO
writing dependency_links to ../../build/vision_node_pkg/vision_node_pkg.egg-info/dependency_links.txt
writing entry points to ../../build/vision_node_pkg/vision_node_pkg.egg-info/entry_points.txt
writing requirements to ../../build/vision_node_pkg/vision_node_pkg.egg-info/requires.txt
writing top-level names to ../../build/vision_node_pkg/vision_node_pkg.egg-info/top_level.txt
reading manifest file '../../build/vision_node_pkg/vision_node_pkg.egg-info/SOURCES.txt'
writing manifest file '../../build/vision_node_pkg/vision_node_pkg.egg-info/SOURCES.txt'
running build
running build_py
running install
running install_lib
byte-compiling /home/jetson/ros2_ws_px4/install/vision_node_pkg/lib/python3.10/site-packages/vision_node_pkg/vision1.py to vision1.cpython-310.pyc
running install_data
running install_egg_info
Sorry: IndentationError: expected an indented block after function definition on line 3 (vision1.py, line 4)
removing '/home/jetson/ros2_ws_px4/install/vision_node_pkg/lib/python3.10/site-packages/vision_node_pkg-0.0.0-py3.10.egg-info' (and everything under it)
Copying ../../build/vision_node_pkg/vision_node_pkg.egg-info to /home/jetson/ros2_ws_px4/install/vision_node_pkg/lib/python3.10/site-packages/vision_node_pkg-0.0.0-py3.10.egg-info
running install_scripts
writing list of installed files to '/home/jetson/ros2_ws_px4/build/vision_node_pkg/install.log'
